{
  code: 'ERR_JWS_INVALID',
  name: 'JWSInvalid',
  stack: 'Error: JWS Protected Header is invalid\n' +
    '    at <anonymous> (/home/ary/Projects/eccommerce-backend/node_modules/jose/dist/browser/jws/flattened/verify.js:38:9)\n' +
    '    at asyncFunctionResume (native)\n' +
    '    at flattenedVerify (/home/ary/Projects/eccommerce-backend/node_modules/jose/dist/browser/jws/flattened/verify.js:11:29)\n' +
    '    at <anonymous> (/home/ary/Projects/eccommerce-backend/node_modules/jose/dist/browser/jws/compact/verify.js:17:28)\n' +
    '    at asyncFunctionResume (native)\n' +
    '    at compactVerify (/home/ary/Projects/eccommerce-backend/node_modules/jose/dist/browser/jws/compact/verify.js:5:32)\n' +
    '    at <anonymous> (/home/ary/Projects/eccommerce-backend/node_modules/jose/dist/browser/jwt/verify.js:6:29)\n' +
    '    at asyncFunctionResume (native)\n' +
    '    at jwtVerify (/home/ary/Projects/eccommerce-backend/node_modules/jose/dist/browser/jwt/verify.js:5:33)\n' +
    '    at <anonymous> (/home/ary/Projects/eccommerce-backend/src/modules/auth/AuthService.ts:55:10)',
  level: 'error',
  label: 'product',
  timestamp: '2024-05-09T09:53:39.315Z'
}
{
  level: 'error',
  label: 'product',
  timestamp: '2024-05-09T10:06:14.419Z',
  originalLine: 33,
  originalColumn: 38
}
{
  level: 'error',
  label: 'product',
  timestamp: '2024-05-09T10:16:57.992Z',
  originalLine: 1881,
  originalColumn: 17
}
{
  level: 'error',
  label: 'product',
  timestamp: '2024-05-09T10:17:45.606Z',
  originalLine: 1881,
  originalColumn: 17
}
{
  level: 'error',
  label: 'product',
  timestamp: '2024-05-09T10:20:56.328Z',
  originalLine: 1881,
  originalColumn: 17
}
{
  level: 'error',
  label: 'product',
  timestamp: '2024-05-09T10:26:11.375Z',
  originalLine: 1881,
  originalColumn: 17
}
{
  level: 'error',
  label: 'product',
  timestamp: '2024-05-09T10:26:14.040Z',
  originalLine: 1881,
  originalColumn: 17
}
{
  level: 'error',
  label: 'product',
  timestamp: '2024-05-09T10:26:15.245Z',
  originalLine: 1881,
  originalColumn: 17
}
{
  level: 'error',
  label: 'product',
  timestamp: '2024-05-09T10:26:16.401Z',
  originalLine: 1881,
  originalColumn: 17
}
{
  level: 'error',
  label: 'product',
  timestamp: '2024-05-09T10:26:17.274Z',
  originalLine: 1881,
  originalColumn: 17
}
{
  level: 'error',
  label: 'product',
  timestamp: '2024-05-09T10:26:18.140Z',
  originalLine: 1881,
  originalColumn: 17
}
{
  level: 'error',
  label: 'product',
  timestamp: '2024-05-09T10:27:15.752Z',
  originalLine: 1881,
  originalColumn: 17
}
{
  level: 'error',
  label: 'product',
  timestamp: '2024-05-09T10:28:39.965Z',
  originalLine: 1881,
  originalColumn: 17
}
{
  level: 'error',
  label: 'product',
  timestamp: '2024-05-09T10:28:44.762Z',
  originalLine: 1881,
  originalColumn: 17
}
{
  level: 'error',
  label: 'product',
  timestamp: '2024-05-09T10:29:44.698Z',
  originalLine: 1881,
  originalColumn: 17
}
{
  level: 'error',
  label: 'product',
  timestamp: '2024-05-09T10:32:39.918Z',
  originalLine: 1881,
  originalColumn: 17
}
{
  code: 'ERR_JWS_INVALID',
  name: 'JWSInvalid',
  stack: 'Error: JWS Protected Header is invalid\n' +
    '    at <anonymous> (/home/ary/Projects/eccommerce-backend/node_modules/jose/dist/browser/jws/flattened/verify.js:38:9)\n' +
    '    at asyncFunctionResume (native)\n' +
    '    at flattenedVerify (/home/ary/Projects/eccommerce-backend/node_modules/jose/dist/browser/jws/flattened/verify.js:11:29)\n' +
    '    at <anonymous> (/home/ary/Projects/eccommerce-backend/node_modules/jose/dist/browser/jws/compact/verify.js:17:28)\n' +
    '    at asyncFunctionResume (native)\n' +
    '    at compactVerify (/home/ary/Projects/eccommerce-backend/node_modules/jose/dist/browser/jws/compact/verify.js:5:32)\n' +
    '    at <anonymous> (/home/ary/Projects/eccommerce-backend/node_modules/jose/dist/browser/jwt/verify.js:6:29)\n' +
    '    at asyncFunctionResume (native)\n' +
    '    at jwtVerify (/home/ary/Projects/eccommerce-backend/node_modules/jose/dist/browser/jwt/verify.js:5:33)\n' +
    '    at <anonymous> (/home/ary/Projects/eccommerce-backend/src/modules/auth/AuthService.ts:55:10)',
  level: 'error',
  label: 'product',
  timestamp: '2024-05-09T10:32:45.959Z'
}
{
  code: 'ERR_JWS_INVALID',
  name: 'JWSInvalid',
  stack: 'Error: JWS Protected Header is invalid\n' +
    '    at <anonymous> (/home/ary/Projects/eccommerce-backend/node_modules/jose/dist/browser/jws/flattened/verify.js:38:9)\n' +
    '    at asyncFunctionResume (native)\n' +
    '    at flattenedVerify (/home/ary/Projects/eccommerce-backend/node_modules/jose/dist/browser/jws/flattened/verify.js:11:29)\n' +
    '    at <anonymous> (/home/ary/Projects/eccommerce-backend/node_modules/jose/dist/browser/jws/compact/verify.js:17:28)\n' +
    '    at asyncFunctionResume (native)\n' +
    '    at compactVerify (/home/ary/Projects/eccommerce-backend/node_modules/jose/dist/browser/jws/compact/verify.js:5:32)\n' +
    '    at <anonymous> (/home/ary/Projects/eccommerce-backend/node_modules/jose/dist/browser/jwt/verify.js:6:29)\n' +
    '    at asyncFunctionResume (native)\n' +
    '    at jwtVerify (/home/ary/Projects/eccommerce-backend/node_modules/jose/dist/browser/jwt/verify.js:5:33)\n' +
    '    at <anonymous> (/home/ary/Projects/eccommerce-backend/src/modules/auth/AuthService.ts:55:10)',
  level: 'error',
  label: 'product',
  timestamp: '2024-05-09T10:33:17.371Z'
}
{
  code: 'ERR_JWS_INVALID',
  name: 'JWSInvalid',
  stack: 'Error: JWS Protected Header is invalid\n' +
    '    at <anonymous> (/home/ary/Projects/eccommerce-backend/node_modules/jose/dist/browser/jws/flattened/verify.js:38:9)\n' +
    '    at asyncFunctionResume (native)\n' +
    '    at flattenedVerify (/home/ary/Projects/eccommerce-backend/node_modules/jose/dist/browser/jws/flattened/verify.js:11:29)\n' +
    '    at <anonymous> (/home/ary/Projects/eccommerce-backend/node_modules/jose/dist/browser/jws/compact/verify.js:17:28)\n' +
    '    at asyncFunctionResume (native)\n' +
    '    at compactVerify (/home/ary/Projects/eccommerce-backend/node_modules/jose/dist/browser/jws/compact/verify.js:5:32)\n' +
    '    at <anonymous> (/home/ary/Projects/eccommerce-backend/node_modules/jose/dist/browser/jwt/verify.js:6:29)\n' +
    '    at asyncFunctionResume (native)\n' +
    '    at jwtVerify (/home/ary/Projects/eccommerce-backend/node_modules/jose/dist/browser/jwt/verify.js:5:33)\n' +
    '    at <anonymous> (/home/ary/Projects/eccommerce-backend/src/modules/auth/AuthService.ts:55:10)',
  level: 'error',
  label: 'product',
  timestamp: '2024-05-09T10:33:38.806Z'
}
{
  level: 'error',
  label: 'product',
  timestamp: '2024-05-09T10:33:57.485Z',
  originalLine: 1881,
  originalColumn: 17
}
{
  level: 'error',
  label: 'product',
  timestamp: '2024-05-09T10:35:38.680Z',
  originalLine: 1881,
  originalColumn: 17
}
{
  level: 'error',
  label: 'product',
  timestamp: '2024-05-09T10:38:28.016Z',
  originalLine: 1881,
  originalColumn: 17
}
{
  level: 'error',
  label: 'product',
  timestamp: '2024-05-09T10:38:29.382Z',
  originalLine: 1881,
  originalColumn: 17
}
{
  level: 'error',
  label: 'product',
  timestamp: '2024-05-09T10:38:56.108Z',
  originalLine: 1881,
  originalColumn: 17
}
{
  level: 'error',
  label: 'product',
  timestamp: '2024-05-09T10:39:22.043Z',
  originalLine: 1881,
  originalColumn: 17
}
{
  level: 'error',
  label: 'product',
  timestamp: '2024-05-09T10:39:53.076Z',
  originalLine: 1881,
  originalColumn: 17
}
{
  level: 'error',
  label: 'product',
  timestamp: '2024-05-09T10:39:53.076Z',
  originalLine: 1881,
  originalColumn: 17
}
{
  level: 'error',
  label: 'product',
  timestamp: '2024-05-09T10:40:14.434Z',
  originalLine: 1881,
  originalColumn: 17
}
{
  level: 'error',
  label: 'product',
  timestamp: '2024-05-09T10:41:27.138Z',
  originalLine: 1881,
  originalColumn: 17
}
{
  level: 'error',
  label: 'product',
  timestamp: '2024-05-09T10:41:56.200Z',
  originalLine: 1881,
  originalColumn: 17
}
{
  level: 'error',
  label: 'product',
  timestamp: '2024-05-09T10:42:38.925Z',
  originalLine: 1881,
  originalColumn: 17
}
{
  code: 'ERR_JWS_SIGNATURE_VERIFICATION_FAILED',
  name: 'JWSSignatureVerificationFailed',
  stack: 'Error: \n' +
    '    at <anonymous> (/home/ary/Projects/eccommerce-backend/node_modules/jose/dist/browser/jws/flattened/verify.js:88:8)\n' +
    '    at asyncFunctionResume (native)\n' +
    '    at promiseReactionJobWithoutPromiseUnwrapAsyncContext (native)\n' +
    '    at promiseReactionJob (native)\n' +
    '    at processTicksAndRejections (native)',
  message: 'signature verification failed',
  level: 'error',
  label: 'product',
  timestamp: '2024-05-09T10:43:00.498Z'
}
{
  level: 'error',
  label: 'product',
  timestamp: '2024-05-09T10:43:25.240Z',
  originalLine: 1881,
  originalColumn: 17
}
{
  level: 'error',
  label: 'product',
  timestamp: '2024-05-09T10:44:12.958Z',
  originalLine: 1881,
  originalColumn: 17
}
{
  level: 'error',
  label: 'product',
  timestamp: '2024-05-09T10:44:22.946Z',
  originalLine: 1881,
  originalColumn: 17
}
{
  level: 'error',
  label: 'product',
  timestamp: '2024-05-09T10:44:36.976Z',
  originalLine: 1881,
  originalColumn: 17
}
{
  level: 'error',
  label: 'product',
  timestamp: '2024-05-09T10:44:46.112Z',
  originalLine: 1881,
  originalColumn: 17
}
{
  level: 'error',
  label: 'product',
  timestamp: '2024-05-09T10:45:03.951Z',
  originalLine: 1881,
  originalColumn: 17
}
{
  level: 'error',
  label: 'product',
  timestamp: '2024-05-09T10:45:27.933Z',
  originalLine: 1881,
  originalColumn: 17
}
{
  level: 'error',
  label: 'product',
  timestamp: '2024-05-09T10:46:13.137Z',
  originalLine: 1881,
  originalColumn: 17
}
{
  level: 'error',
  label: 'product',
  timestamp: '2024-05-09T10:47:08.973Z',
  originalLine: 1881,
  originalColumn: 17
}
{
  level: 'error',
  label: 'product',
  timestamp: '2024-05-09T10:47:29.970Z',
  originalLine: 1881,
  originalColumn: 17
}
{
  level: 'error',
  label: 'product',
  timestamp: '2024-05-09T10:47:45.034Z',
  originalLine: 1881,
  originalColumn: 17
}
{
  level: 'error',
  label: 'product',
  timestamp: '2024-05-09T10:49:43.662Z',
  originalLine: 1881,
  originalColumn: 17
}
{
  level: 'error',
  label: 'product',
  timestamp: '2024-05-09T10:49:57.286Z',
  originalLine: 1881,
  originalColumn: 17
}
{
  level: 'error',
  label: 'product',
  timestamp: '2024-05-09T10:50:18.907Z',
  originalLine: 1881,
  originalColumn: 17
}
{
  level: 'error',
  label: 'product',
  timestamp: '2024-05-09T10:50:29.553Z',
  originalLine: 1881,
  originalColumn: 17
}
{
  level: 'error',
  label: 'product',
  timestamp: '2024-05-09T10:50:47.336Z',
  originalLine: 1881,
  originalColumn: 17
}
{
  name: 'SequelizeDatabaseError',
  parent: Error: Incorrect datetime value: 'Invalid date' for column `eccomerce`.`users`.`verifiedAt` at row 1
      at asError (/home/ary/Projects/eccommerce-backend/node_modules/mysql2/lib/packets/packet.js:385:73)
      at execute (/home/ary/Projects/eccommerce-backend/node_modules/mysql2/lib/commands/command.js:21:35)
      at handlePacket (/home/ary/Projects/eccommerce-backend/node_modules/mysql2/lib/connection.js:243:34)
      at <anonymous> (/home/ary/Projects/eccommerce-backend/node_modules/mysql2/lib/connection.js:41:26)
      at executeStart (/home/ary/Projects/eccommerce-backend/node_modules/mysql2/lib/packet_parser.js:36:26)
      at <anonymous> (/home/ary/Projects/eccommerce-backend/node_modules/mysql2/lib/connection.js:45:34)
      at emit (native)
      at addChunk (node:stream:1940:22)
      at readableAddChunk (node:stream:1894:30)
      at data (node:net:52:9) {
    code: 'ER_TRUNCATED_WRONG_VALUE',
    errno: 1292,
    sqlState: '22007',
    sqlMessage: "Incorrect datetime value: 'Invalid date' for column `eccomerce`.`users`.`verifiedAt` at row 1",
    sql: 'UPDATE `users` SET `verifiedAt`=?,`updatedAt`=? WHERE `id` = ?',
    parameters: [ 'Invalid date', '2024-05-09 10:52:30', 17 ],
    originalLine: 385,
    originalColumn: 73
  },
  original: Error: Incorrect datetime value: 'Invalid date' for column `eccomerce`.`users`.`verifiedAt` at row 1
      at asError (/home/ary/Projects/eccommerce-backend/node_modules/mysql2/lib/packets/packet.js:385:73)
      at execute (/home/ary/Projects/eccommerce-backend/node_modules/mysql2/lib/commands/command.js:21:35)
      at handlePacket (/home/ary/Projects/eccommerce-backend/node_modules/mysql2/lib/connection.js:243:34)
      at <anonymous> (/home/ary/Projects/eccommerce-backend/node_modules/mysql2/lib/connection.js:41:26)
      at executeStart (/home/ary/Projects/eccommerce-backend/node_modules/mysql2/lib/packet_parser.js:36:26)
      at <anonymous> (/home/ary/Projects/eccommerce-backend/node_modules/mysql2/lib/connection.js:45:34)
      at emit (native)
      at addChunk (node:stream:1940:22)
      at readableAddChunk (node:stream:1894:30)
      at data (node:net:52:9) {
    code: 'ER_TRUNCATED_WRONG_VALUE',
    errno: 1292,
    sqlState: '22007',
    sqlMessage: "Incorrect datetime value: 'Invalid date' for column `eccomerce`.`users`.`verifiedAt` at row 1",
    sql: 'UPDATE `users` SET `verifiedAt`=?,`updatedAt`=? WHERE `id` = ?',
    parameters: [ 'Invalid date', '2024-05-09 10:52:30', 17 ],
    originalLine: 385,
    originalColumn: 73
  },
  sql: 'UPDATE `users` SET `verifiedAt`=?,`updatedAt`=? WHERE `id` = ?',
  parameters: [ 'Invalid date', '2024-05-09 10:52:30', 17 ],
  originalLine: 15,
  originalColumn: 12,
  level: 'error',
  label: 'product',
  timestamp: '2024-05-09T10:52:30.403Z'
}
{
  code: 'PASSWORD_UNSUPPORTED_ALGORITHM',
  level: 'error',
  label: 'product',
  timestamp: '2024-05-09T11:12:07.144Z'
}
{
  name: 'SequelizeValidationError',
  errors: [
    ValidationErrorItem {
      message: 'password cannot be an array or an object',
      type: 'string violation',
      path: 'password',
      value: Promise { <pending> },
      origin: 'CORE',
      instance: user {
        dataValues: {
          id: null,
          fullname: 'ary',
          email: 'ikomangaryantara382@gmail.com',
          password: Promise { <pending> },
          refreshToken: null,
          roleUser: 'normal',
          verifiedAt: null,
          createdAt: '2024-05-09',
          updatedAt: 2024-05-09T11:13:41.768Z,
          deletedAt: null
        },
        _previousDataValues: {},
        uniqno: 1,
        _changed: Set(9) {
          'fullname',
          'email',
          'password',
          'refreshToken',
          'roleUser',
          'verifiedAt',
          'createdAt',
          'updatedAt',
          'deletedAt'
        },
        _options: { isNewRecord: true, _schema: null, _schemaDelimiter: '' },
        isNewRecord: true
      },
      validatorKey: 'not_a_string',
      validatorName: null,
      validatorArgs: []
    }
  ],
  level: 'error',
  label: 'product',
  timestamp: '2024-05-09T11:13:41.770Z',
  originalLine: 15,
  originalColumn: 12
}
{
  name: 'SequelizeValidationError',
  errors: [
    ValidationErrorItem {
      message: 'password cannot be an array or an object',
      type: 'string violation',
      path: 'password',
      value: Promise { <pending> },
      origin: 'CORE',
      instance: user {
        dataValues: {
          id: null,
          fullname: 'ary',
          email: 'ikomangaryantara382@gmail.com',
          password: Promise { <pending> },
          refreshToken: null,
          roleUser: 'normal',
          verifiedAt: null,
          createdAt: '2024-05-09',
          updatedAt: 2024-05-09T11:14:01.811Z,
          deletedAt: null
        },
        _previousDataValues: {},
        uniqno: 1,
        _changed: Set(9) {
          'fullname',
          'email',
          'password',
          'refreshToken',
          'roleUser',
          'verifiedAt',
          'createdAt',
          'updatedAt',
          'deletedAt'
        },
        _options: { isNewRecord: true, _schema: null, _schemaDelimiter: '' },
        isNewRecord: true
      },
      validatorKey: 'not_a_string',
      validatorName: null,
      validatorArgs: []
    }
  ],
  level: 'error',
  label: 'product',
  timestamp: '2024-05-09T11:14:01.813Z',
  originalLine: 15,
  originalColumn: 12
}
{
  name: 'SequelizeValidationError',
  errors: [
    ValidationErrorItem {
      message: 'password cannot be an array or an object',
      type: 'string violation',
      path: 'password',
      value: Promise { <pending> },
      origin: 'CORE',
      instance: user {
        dataValues: {
          id: null,
          fullname: 'ary',
          email: 'ikomangaryantara382@gmail.com',
          password: Promise { <pending> },
          refreshToken: null,
          roleUser: 'normal',
          verifiedAt: null,
          createdAt: '2024-05-09',
          updatedAt: 2024-05-09T11:14:18.369Z,
          deletedAt: null
        },
        _previousDataValues: {},
        uniqno: 1,
        _changed: Set(9) {
          'fullname',
          'email',
          'password',
          'refreshToken',
          'roleUser',
          'verifiedAt',
          'createdAt',
          'updatedAt',
          'deletedAt'
        },
        _options: { isNewRecord: true, _schema: null, _schemaDelimiter: '' },
        isNewRecord: true
      },
      validatorKey: 'not_a_string',
      validatorName: null,
      validatorArgs: []
    }
  ],
  level: 'error',
  label: 'product',
  timestamp: '2024-05-09T11:14:18.370Z',
  originalLine: 15,
  originalColumn: 12
}
{
  level: 'error',
  label: 'product',
  timestamp: '2024-05-10T12:13:11.426Z',
  originalLine: 1279,
  originalColumn: 24
}
{
  message: 'User id not found.',
  level: 'error',
  label: 'product',
  timestamp: '2024-05-10T12:13:11.431Z'
}
{
  level: 'error',
  label: 'product',
  timestamp: '2024-05-10T12:13:25.679Z',
  originalLine: 1279,
  originalColumn: 24
}
{
  message: 'User id not found.',
  level: 'error',
  label: 'product',
  timestamp: '2024-05-10T12:13:25.680Z'
}
{
  level: 'error',
  label: 'product',
  timestamp: '2024-05-10T12:14:04.448Z',
  originalLine: 1279,
  originalColumn: 24
}
{
  message: 'User id not found.',
  level: 'error',
  label: 'product',
  timestamp: '2024-05-10T12:14:04.449Z'
}
{
  code: 'ERR_JWS_INVALID',
  name: 'JWSInvalid',
  stack: 'Error: JWS Protected Header is invalid\n' +
    '    at <anonymous> (/home/ary/Projects/eccommerce-backend/node_modules/jose/dist/browser/jws/flattened/verify.js:38:9)\n' +
    '    at asyncFunctionResume (native)\n' +
    '    at flattenedVerify (/home/ary/Projects/eccommerce-backend/node_modules/jose/dist/browser/jws/flattened/verify.js:11:29)\n' +
    '    at <anonymous> (/home/ary/Projects/eccommerce-backend/node_modules/jose/dist/browser/jws/compact/verify.js:17:28)\n' +
    '    at asyncFunctionResume (native)\n' +
    '    at compactVerify (/home/ary/Projects/eccommerce-backend/node_modules/jose/dist/browser/jws/compact/verify.js:5:32)\n' +
    '    at <anonymous> (/home/ary/Projects/eccommerce-backend/node_modules/jose/dist/browser/jwt/verify.js:6:29)\n' +
    '    at asyncFunctionResume (native)\n' +
    '    at jwtVerify (/home/ary/Projects/eccommerce-backend/node_modules/jose/dist/browser/jwt/verify.js:5:33)\n' +
    '    at <anonymous> (/home/ary/Projects/eccommerce-backend/src/utils/jwt.ts:23:10)',
  level: 'error',
  label: 'product',
  timestamp: '2024-05-10T12:51:45.617Z'
}
{
  code: 'ERR_JWS_INVALID',
  name: 'JWSInvalid',
  stack: 'Error: JWS Protected Header is invalid\n' +
    '    at <anonymous> (/home/ary/Projects/eccommerce-backend/node_modules/jose/dist/browser/jws/flattened/verify.js:38:9)\n' +
    '    at asyncFunctionResume (native)\n' +
    '    at flattenedVerify (/home/ary/Projects/eccommerce-backend/node_modules/jose/dist/browser/jws/flattened/verify.js:11:29)\n' +
    '    at <anonymous> (/home/ary/Projects/eccommerce-backend/node_modules/jose/dist/browser/jws/compact/verify.js:17:28)\n' +
    '    at asyncFunctionResume (native)\n' +
    '    at compactVerify (/home/ary/Projects/eccommerce-backend/node_modules/jose/dist/browser/jws/compact/verify.js:5:32)\n' +
    '    at <anonymous> (/home/ary/Projects/eccommerce-backend/node_modules/jose/dist/browser/jwt/verify.js:6:29)\n' +
    '    at asyncFunctionResume (native)\n' +
    '    at jwtVerify (/home/ary/Projects/eccommerce-backend/node_modules/jose/dist/browser/jwt/verify.js:5:33)\n' +
    '    at <anonymous> (/home/ary/Projects/eccommerce-backend/src/utils/jwt.ts:23:10)',
  level: 'error',
  label: 'product',
  timestamp: '2024-05-10T12:51:56.394Z'
}
{
  code: 'ERR_JWS_INVALID',
  name: 'JWSInvalid',
  stack: 'Error: JWS Protected Header is invalid\n' +
    '    at <anonymous> (/home/ary/Projects/eccommerce-backend/node_modules/jose/dist/browser/jws/flattened/verify.js:38:9)\n' +
    '    at asyncFunctionResume (native)\n' +
    '    at flattenedVerify (/home/ary/Projects/eccommerce-backend/node_modules/jose/dist/browser/jws/flattened/verify.js:11:29)\n' +
    '    at <anonymous> (/home/ary/Projects/eccommerce-backend/node_modules/jose/dist/browser/jws/compact/verify.js:17:28)\n' +
    '    at asyncFunctionResume (native)\n' +
    '    at compactVerify (/home/ary/Projects/eccommerce-backend/node_modules/jose/dist/browser/jws/compact/verify.js:5:32)\n' +
    '    at <anonymous> (/home/ary/Projects/eccommerce-backend/node_modules/jose/dist/browser/jwt/verify.js:6:29)\n' +
    '    at asyncFunctionResume (native)\n' +
    '    at jwtVerify (/home/ary/Projects/eccommerce-backend/node_modules/jose/dist/browser/jwt/verify.js:5:33)\n' +
    '    at <anonymous> (/home/ary/Projects/eccommerce-backend/src/utils/jwt.ts:23:10)',
  level: 'error',
  label: 'product',
  timestamp: '2024-05-10T12:52:19.685Z'
}
{
  code: 'ERR_JWS_INVALID',
  name: 'JWSInvalid',
  stack: 'Error: JWS Protected Header is invalid\n' +
    '    at <anonymous> (/home/ary/Projects/eccommerce-backend/node_modules/jose/dist/browser/jws/flattened/verify.js:38:9)\n' +
    '    at asyncFunctionResume (native)\n' +
    '    at flattenedVerify (/home/ary/Projects/eccommerce-backend/node_modules/jose/dist/browser/jws/flattened/verify.js:11:29)\n' +
    '    at <anonymous> (/home/ary/Projects/eccommerce-backend/node_modules/jose/dist/browser/jws/compact/verify.js:17:28)\n' +
    '    at asyncFunctionResume (native)\n' +
    '    at compactVerify (/home/ary/Projects/eccommerce-backend/node_modules/jose/dist/browser/jws/compact/verify.js:5:32)\n' +
    '    at <anonymous> (/home/ary/Projects/eccommerce-backend/node_modules/jose/dist/browser/jwt/verify.js:6:29)\n' +
    '    at asyncFunctionResume (native)\n' +
    '    at jwtVerify (/home/ary/Projects/eccommerce-backend/node_modules/jose/dist/browser/jwt/verify.js:5:33)\n' +
    '    at <anonymous> (/home/ary/Projects/eccommerce-backend/src/utils/jwt.ts:23:10)',
  level: 'error',
  label: 'product',
  timestamp: '2024-05-10T12:52:52.786Z'
}
{
  code: 'ERR_JWS_INVALID',
  name: 'JWSInvalid',
  stack: 'Error: JWS Protected Header is invalid\n' +
    '    at <anonymous> (/home/ary/Projects/eccommerce-backend/node_modules/jose/dist/browser/jws/flattened/verify.js:38:9)\n' +
    '    at asyncFunctionResume (native)\n' +
    '    at flattenedVerify (/home/ary/Projects/eccommerce-backend/node_modules/jose/dist/browser/jws/flattened/verify.js:11:29)\n' +
    '    at <anonymous> (/home/ary/Projects/eccommerce-backend/node_modules/jose/dist/browser/jws/compact/verify.js:17:28)\n' +
    '    at asyncFunctionResume (native)\n' +
    '    at compactVerify (/home/ary/Projects/eccommerce-backend/node_modules/jose/dist/browser/jws/compact/verify.js:5:32)\n' +
    '    at <anonymous> (/home/ary/Projects/eccommerce-backend/node_modules/jose/dist/browser/jwt/verify.js:6:29)\n' +
    '    at asyncFunctionResume (native)\n' +
    '    at jwtVerify (/home/ary/Projects/eccommerce-backend/node_modules/jose/dist/browser/jwt/verify.js:5:33)\n' +
    '    at <anonymous> (/home/ary/Projects/eccommerce-backend/src/utils/jwt.ts:23:10)',
  level: 'error',
  label: 'product',
  timestamp: '2024-05-10T12:53:19.798Z'
}
{
  code: 'ERR_JWS_INVALID',
  name: 'JWSInvalid',
  stack: 'Error: JWS Protected Header is invalid\n' +
    '    at <anonymous> (/home/ary/Projects/eccommerce-backend/node_modules/jose/dist/browser/jws/flattened/verify.js:38:9)\n' +
    '    at asyncFunctionResume (native)\n' +
    '    at flattenedVerify (/home/ary/Projects/eccommerce-backend/node_modules/jose/dist/browser/jws/flattened/verify.js:11:29)\n' +
    '    at <anonymous> (/home/ary/Projects/eccommerce-backend/node_modules/jose/dist/browser/jws/compact/verify.js:17:28)\n' +
    '    at asyncFunctionResume (native)\n' +
    '    at compactVerify (/home/ary/Projects/eccommerce-backend/node_modules/jose/dist/browser/jws/compact/verify.js:5:32)\n' +
    '    at <anonymous> (/home/ary/Projects/eccommerce-backend/node_modules/jose/dist/browser/jwt/verify.js:6:29)\n' +
    '    at asyncFunctionResume (native)\n' +
    '    at jwtVerify (/home/ary/Projects/eccommerce-backend/node_modules/jose/dist/browser/jwt/verify.js:5:33)\n' +
    '    at <anonymous> (/home/ary/Projects/eccommerce-backend/src/utils/jwt.ts:24:10)',
  level: 'error',
  label: 'product',
  timestamp: '2024-05-10T12:53:34.857Z'
}
{
  code: 'ERR_JWS_INVALID',
  name: 'JWSInvalid',
  stack: 'Error: JWS Protected Header is invalid\n' +
    '    at <anonymous> (/home/ary/Projects/eccommerce-backend/node_modules/jose/dist/browser/jws/flattened/verify.js:38:9)\n' +
    '    at asyncFunctionResume (native)\n' +
    '    at flattenedVerify (/home/ary/Projects/eccommerce-backend/node_modules/jose/dist/browser/jws/flattened/verify.js:11:29)\n' +
    '    at <anonymous> (/home/ary/Projects/eccommerce-backend/node_modules/jose/dist/browser/jws/compact/verify.js:17:28)\n' +
    '    at asyncFunctionResume (native)\n' +
    '    at compactVerify (/home/ary/Projects/eccommerce-backend/node_modules/jose/dist/browser/jws/compact/verify.js:5:32)\n' +
    '    at <anonymous> (/home/ary/Projects/eccommerce-backend/node_modules/jose/dist/browser/jwt/verify.js:6:29)\n' +
    '    at asyncFunctionResume (native)\n' +
    '    at jwtVerify (/home/ary/Projects/eccommerce-backend/node_modules/jose/dist/browser/jwt/verify.js:5:33)\n' +
    '    at <anonymous> (/home/ary/Projects/eccommerce-backend/src/utils/jwt.ts:24:10)',
  level: 'error',
  label: 'product',
  timestamp: '2024-05-10T12:53:56.052Z'
}
{
  code: 'ERR_JWT_EXPIRED',
  name: 'JWTExpired',
  stack: 'Error: "exp" claim timestamp check failed\n' +
    '    at starDefault (/home/ary/Projects/eccommerce-backend/node_modules/jose/dist/browser/lib/jwt_claims_set.js:91:8)\n' +
    '    at <anonymous> (/home/ary/Projects/eccommerce-backend/node_modules/jose/dist/browser/jwt/verify.js:11:33)\n' +
    '    at asyncFunctionResume (native)\n' +
    '    at promiseReactionJobWithoutPromiseUnwrapAsyncContext (native)\n' +
    '    at promiseReactionJob (native)\n' +
    '    at processTicksAndRejections (native)',
  claim: 'exp',
  reason: 'check_failed',
  level: 'error',
  label: 'product',
  timestamp: '2024-05-10T12:54:30.636Z'
}
{
  level: 'error',
  label: 'product',
  timestamp: '2024-05-10T12:54:30.642Z',
  originalLine: 1279,
  originalColumn: 24
}
{
  level: 'error',
  label: 'product',
  timestamp: '2024-05-10T12:54:30.644Z',
  originalLine: 1279,
  originalColumn: 24
}
{
  code: 'ERR_JWT_EXPIRED',
  name: 'JWTExpired',
  stack: 'Error: "exp" claim timestamp check failed\n' +
    '    at starDefault (/home/ary/Projects/eccommerce-backend/node_modules/jose/dist/browser/lib/jwt_claims_set.js:91:8)\n' +
    '    at <anonymous> (/home/ary/Projects/eccommerce-backend/node_modules/jose/dist/browser/jwt/verify.js:11:33)\n' +
    '    at asyncFunctionResume (native)\n' +
    '    at promiseReactionJobWithoutPromiseUnwrapAsyncContext (native)\n' +
    '    at promiseReactionJob (native)\n' +
    '    at processTicksAndRejections (native)',
  claim: 'exp',
  reason: 'check_failed',
  level: 'error',
  label: 'product',
  timestamp: '2024-05-10T12:55:10.742Z'
}
{
  level: 'error',
  label: 'product',
  timestamp: '2024-05-10T12:55:10.748Z',
  originalLine: 1279,
  originalColumn: 24
}
{
  level: 'error',
  label: 'product',
  timestamp: '2024-05-10T12:55:10.751Z',
  originalLine: 1279,
  originalColumn: 24
}
{
  code: 'ERR_JWT_EXPIRED',
  name: 'JWTExpired',
  stack: 'Error: "exp" claim timestamp check failed\n' +
    '    at starDefault (/home/ary/Projects/eccommerce-backend/node_modules/jose/dist/browser/lib/jwt_claims_set.js:91:8)\n' +
    '    at <anonymous> (/home/ary/Projects/eccommerce-backend/node_modules/jose/dist/browser/jwt/verify.js:11:33)\n' +
    '    at asyncFunctionResume (native)\n' +
    '    at promiseReactionJobWithoutPromiseUnwrapAsyncContext (native)\n' +
    '    at promiseReactionJob (native)\n' +
    '    at processTicksAndRejections (native)',
  claim: 'exp',
  reason: 'check_failed',
  level: 'error',
  label: 'product',
  timestamp: '2024-05-10T12:55:11.887Z'
}
{
  level: 'error',
  label: 'product',
  timestamp: '2024-05-10T12:55:11.888Z',
  originalLine: 1279,
  originalColumn: 24
}
{
  level: 'error',
  label: 'product',
  timestamp: '2024-05-10T12:55:11.890Z',
  originalLine: 1279,
  originalColumn: 24
}
{
  code: 'ERR_JWS_INVALID',
  name: 'JWSInvalid',
  stack: 'Error: Compact JWS must be a string or Uint8Array\n' +
    '    at <anonymous> (/home/ary/Projects/eccommerce-backend/node_modules/jose/dist/browser/jws/compact/verify.js:11:8)\n' +
    '    at asyncFunctionResume (native)\n' +
    '    at compactVerify (/home/ary/Projects/eccommerce-backend/node_modules/jose/dist/browser/jws/compact/verify.js:5:32)\n' +
    '    at <anonymous> (/home/ary/Projects/eccommerce-backend/node_modules/jose/dist/browser/jwt/verify.js:6:29)\n' +
    '    at asyncFunctionResume (native)\n' +
    '    at jwtVerify (/home/ary/Projects/eccommerce-backend/node_modules/jose/dist/browser/jwt/verify.js:5:33)\n' +
    '    at <anonymous> (/home/ary/Projects/eccommerce-backend/src/utils/jwt.ts:23:10)\n' +
    '    at asyncFunctionResume (native)\n' +
    '    at verify (/home/ary/Projects/eccommerce-backend/src/utils/jwt.ts:21:32)\n' +
    '    at <anonymous> (/home/ary/Projects/eccommerce-backend/src/middlewares/AuthMiddleware.ts:35:29)',
  level: 'error',
  label: 'product',
  timestamp: '2024-05-10T13:15:57.487Z'
}
{
  code: 'ERR_JWT_EXPIRED',
  name: 'JWTExpired',
  stack: 'Error: "exp" claim timestamp check failed\n' +
    '    at starDefault (/home/ary/Projects/eccommerce-backend/node_modules/jose/dist/browser/lib/jwt_claims_set.js:91:8)\n' +
    '    at <anonymous> (/home/ary/Projects/eccommerce-backend/node_modules/jose/dist/browser/jwt/verify.js:11:33)\n' +
    '    at asyncFunctionResume (native)\n' +
    '    at promiseReactionJobWithoutPromiseUnwrapAsyncContext (native)\n' +
    '    at promiseReactionJob (native)\n' +
    '    at processTicksAndRejections (native)',
  claim: 'exp',
  reason: 'check_failed',
  level: 'error',
  label: 'product',
  timestamp: '2024-05-11T11:33:29.304Z'
}
{
  code: 'ERR_JWT_EXPIRED',
  name: 'JWTExpired',
  stack: 'Error: "exp" claim timestamp check failed\n' +
    '    at starDefault (/home/ary/Projects/eccommerce-backend/node_modules/jose/dist/browser/lib/jwt_claims_set.js:91:8)\n' +
    '    at <anonymous> (/home/ary/Projects/eccommerce-backend/node_modules/jose/dist/browser/jwt/verify.js:11:33)\n' +
    '    at asyncFunctionResume (native)\n' +
    '    at promiseReactionJobWithoutPromiseUnwrapAsyncContext (native)\n' +
    '    at promiseReactionJob (native)\n' +
    '    at processTicksAndRejections (native)',
  claim: 'exp',
  reason: 'check_failed',
  level: 'error',
  label: 'product',
  timestamp: '2024-05-11T11:33:34.104Z'
}
{
  level: 'error',
  label: 'product',
  timestamp: '2024-05-11T11:33:34.105Z',
  originalLine: 1279,
  originalColumn: 24
}
{
  level: 'error',
  label: 'product',
  timestamp: '2024-05-11T11:33:34.130Z',
  originalLine: 1279,
  originalColumn: 24
}
{
  code: 'ERR_JWT_EXPIRED',
  name: 'JWTExpired',
  stack: 'Error: "exp" claim timestamp check failed\n' +
    '    at starDefault (/home/ary/Projects/eccommerce-backend/node_modules/jose/dist/browser/lib/jwt_claims_set.js:91:8)\n' +
    '    at <anonymous> (/home/ary/Projects/eccommerce-backend/node_modules/jose/dist/browser/jwt/verify.js:11:33)\n' +
    '    at asyncFunctionResume (native)\n' +
    '    at promiseReactionJobWithoutPromiseUnwrapAsyncContext (native)\n' +
    '    at promiseReactionJob (native)\n' +
    '    at processTicksAndRejections (native)',
  claim: 'exp',
  reason: 'check_failed',
  level: 'error',
  label: 'product',
  timestamp: '2024-05-11T11:34:04.919Z'
}
{
  code: 'ERR_JWS_SIGNATURE_VERIFICATION_FAILED',
  name: 'JWSSignatureVerificationFailed',
  stack: 'Error: \n' +
    '    at <anonymous> (/home/ary/Projects/eccommerce-backend/node_modules/jose/dist/browser/jws/flattened/verify.js:88:8)\n' +
    '    at asyncFunctionResume (native)\n' +
    '    at promiseReactionJobWithoutPromiseUnwrapAsyncContext (native)\n' +
    '    at promiseReactionJob (native)\n' +
    '    at processTicksAndRejections (native)',
  message: 'signature verification failed',
  level: 'error',
  label: 'product',
  timestamp: '2024-05-11T12:48:42.374Z'
}
{
  level: 'error',
  label: 'product',
  timestamp: '2024-05-11T12:48:42.383Z',
  originalLine: 1279,
  originalColumn: 24
}
{
  level: 'error',
  label: 'product',
  timestamp: '2024-05-11T12:48:42.386Z',
  originalLine: 1279,
  originalColumn: 24
}
{
  name: 'SequelizeDatabaseError',
  parent: Error: Unknown column 'userId' in 'where clause'
      at asError (/home/ary/Projects/eccommerce-backend/node_modules/mysql2/lib/packets/packet.js:729:16)
      at execute (/home/ary/Projects/eccommerce-backend/node_modules/mysql2/lib/commands/command.js:21:35)
      at handlePacket (/home/ary/Projects/eccommerce-backend/node_modules/mysql2/lib/connection.js:243:34)
      at <anonymous> (/home/ary/Projects/eccommerce-backend/node_modules/mysql2/lib/connection.js:41:26)
      at executeStart (/home/ary/Projects/eccommerce-backend/node_modules/mysql2/lib/packet_parser.js:36:26)
      at <anonymous> (/home/ary/Projects/eccommerce-backend/node_modules/mysql2/lib/connection.js:45:34)
      at emit (native)
      at addChunk (node:stream:1940:22)
      at readableAddChunk (node:stream:1894:30)
      at data (node:net:52:9) {
    code: 'ER_BAD_FIELD_ERROR',
    errno: 1054,
    sqlState: '42S22',
    sqlMessage: "Unknown column 'userId' in 'where clause'",
    sql: 'UPDATE `users` SET `verifiedAt`=?,`updatedAt`=? WHERE `userId` = ?',
    parameters: [ '2024-05-11 00:00:00', '2024-05-11 13:18:13', 22 ],
    originalLine: 385,
    originalColumn: 73
  },
  original: Error: Unknown column 'userId' in 'where clause'
      at asError (/home/ary/Projects/eccommerce-backend/node_modules/mysql2/lib/packets/packet.js:729:16)
      at execute (/home/ary/Projects/eccommerce-backend/node_modules/mysql2/lib/commands/command.js:21:35)
      at handlePacket (/home/ary/Projects/eccommerce-backend/node_modules/mysql2/lib/connection.js:243:34)
      at <anonymous> (/home/ary/Projects/eccommerce-backend/node_modules/mysql2/lib/connection.js:41:26)
      at executeStart (/home/ary/Projects/eccommerce-backend/node_modules/mysql2/lib/packet_parser.js:36:26)
      at <anonymous> (/home/ary/Projects/eccommerce-backend/node_modules/mysql2/lib/connection.js:45:34)
      at emit (native)
      at addChunk (node:stream:1940:22)
      at readableAddChunk (node:stream:1894:30)
      at data (node:net:52:9) {
    code: 'ER_BAD_FIELD_ERROR',
    errno: 1054,
    sqlState: '42S22',
    sqlMessage: "Unknown column 'userId' in 'where clause'",
    sql: 'UPDATE `users` SET `verifiedAt`=?,`updatedAt`=? WHERE `userId` = ?',
    parameters: [ '2024-05-11 00:00:00', '2024-05-11 13:18:13', 22 ],
    originalLine: 385,
    originalColumn: 73
  },
  sql: 'UPDATE `users` SET `verifiedAt`=?,`updatedAt`=? WHERE `userId` = ?',
  parameters: [ '2024-05-11 00:00:00', '2024-05-11 13:18:13', 22 ],
  originalLine: 15,
  originalColumn: 12,
  level: 'error',
  label: 'product',
  timestamp: '2024-05-11T13:18:13.731Z'
}
{
  name: 'SequelizeDatabaseError',
  parent: Error: Unknown column 'userId' in 'where clause'
      at asError (/home/ary/Projects/eccommerce-backend/node_modules/mysql2/lib/packets/packet.js:385:73)
      at execute (/home/ary/Projects/eccommerce-backend/node_modules/mysql2/lib/commands/command.js:21:35)
      at handlePacket (/home/ary/Projects/eccommerce-backend/node_modules/mysql2/lib/connection.js:243:34)
      at <anonymous> (/home/ary/Projects/eccommerce-backend/node_modules/mysql2/lib/connection.js:41:26)
      at executeStart (/home/ary/Projects/eccommerce-backend/node_modules/mysql2/lib/packet_parser.js:36:26)
      at <anonymous> (/home/ary/Projects/eccommerce-backend/node_modules/mysql2/lib/connection.js:45:34)
      at emit (native)
      at addChunk (node:stream:1940:22)
      at readableAddChunk (node:stream:1894:30)
      at data (node:net:52:9) {
    code: 'ER_BAD_FIELD_ERROR',
    errno: 1054,
    sqlState: '42S22',
    sqlMessage: "Unknown column 'userId' in 'where clause'",
    sql: 'UPDATE `users` SET `verifiedAt`=?,`updatedAt`=? WHERE `userId` = ?',
    parameters: [ '2024-05-11 00:00:00', '2024-05-11 13:18:59', 22 ],
    originalLine: 385,
    originalColumn: 73
  },
  original: Error: Unknown column 'userId' in 'where clause'
      at asError (/home/ary/Projects/eccommerce-backend/node_modules/mysql2/lib/packets/packet.js:385:73)
      at execute (/home/ary/Projects/eccommerce-backend/node_modules/mysql2/lib/commands/command.js:21:35)
      at handlePacket (/home/ary/Projects/eccommerce-backend/node_modules/mysql2/lib/connection.js:243:34)
      at <anonymous> (/home/ary/Projects/eccommerce-backend/node_modules/mysql2/lib/connection.js:41:26)
      at executeStart (/home/ary/Projects/eccommerce-backend/node_modules/mysql2/lib/packet_parser.js:36:26)
      at <anonymous> (/home/ary/Projects/eccommerce-backend/node_modules/mysql2/lib/connection.js:45:34)
      at emit (native)
      at addChunk (node:stream:1940:22)
      at readableAddChunk (node:stream:1894:30)
      at data (node:net:52:9) {
    code: 'ER_BAD_FIELD_ERROR',
    errno: 1054,
    sqlState: '42S22',
    sqlMessage: "Unknown column 'userId' in 'where clause'",
    sql: 'UPDATE `users` SET `verifiedAt`=?,`updatedAt`=? WHERE `userId` = ?',
    parameters: [ '2024-05-11 00:00:00', '2024-05-11 13:18:59', 22 ],
    originalLine: 385,
    originalColumn: 73
  },
  sql: 'UPDATE `users` SET `verifiedAt`=?,`updatedAt`=? WHERE `userId` = ?',
  parameters: [ '2024-05-11 00:00:00', '2024-05-11 13:18:59', 22 ],
  originalLine: 15,
  originalColumn: 12,
  level: 'error',
  label: 'product',
  timestamp: '2024-05-11T13:18:59.118Z'
}
{
  code: 'ERR_JWS_INVALID',
  name: 'JWSInvalid',
  stack: 'Error: Invalid Compact JWS\n' +
    '    at <anonymous> (/home/ary/Projects/eccommerce-backend/node_modules/jose/dist/browser/jws/compact/verify.js:16:4)\n' +
    '    at asyncFunctionResume (native)\n' +
    '    at compactVerify (/home/ary/Projects/eccommerce-backend/node_modules/jose/dist/browser/jws/compact/verify.js:5:32)\n' +
    '    at <anonymous> (/home/ary/Projects/eccommerce-backend/node_modules/jose/dist/browser/jwt/verify.js:6:29)\n' +
    '    at asyncFunctionResume (native)\n' +
    '    at jwtVerify (/home/ary/Projects/eccommerce-backend/node_modules/jose/dist/browser/jwt/verify.js:5:33)\n' +
    '    at <anonymous> (/home/ary/Projects/eccommerce-backend/src/utils/jwt.ts:23:10)\n' +
    '    at asyncFunctionResume (native)\n' +
    '    at verify (/home/ary/Projects/eccommerce-backend/src/utils/jwt.ts:21:32)\n' +
    '    at <anonymous> (/home/ary/Projects/eccommerce-backend/src/modules/auth/AuthService.ts:85:88)',
  level: 'error',
  label: 'product',
  timestamp: '2024-05-11T13:57:04.314Z'
}
{
  name: 'SequelizeValidationError',
  errors: [
    ValidationErrorItem {
      message: 'password cannot be an array or an object',
      type: 'string violation',
      path: 'password',
      value: Promise { <pending> },
      origin: 'CORE',
      instance: user {
        dataValues: {
          id: null,
          password: Promise { <pending> },
          updatedAt: 2024-05-11T13:57:04.318Z
        },
        _previousDataValues: { password: undefined, updatedAt: undefined },
        uniqno: 1,
        _changed: Set(2) { 'password', 'updatedAt' },
        _options: { isNewRecord: true, _schema: null, _schemaDelimiter: '' },
        isNewRecord: true
      },
      validatorKey: 'not_a_string',
      validatorName: null,
      validatorArgs: []
    }
  ],
  level: 'error',
  label: 'product',
  timestamp: '2024-05-11T13:57:04.321Z',
  originalLine: 15,
  originalColumn: 12
}
{
  name: 'SequelizeValidationError',
  errors: [
    ValidationErrorItem {
      message: 'password cannot be an array or an object',
      type: 'string violation',
      path: 'password',
      value: Promise { <pending> },
      origin: 'CORE',
      instance: user {
        dataValues: {
          id: null,
          password: Promise { <pending> },
          updatedAt: 2024-05-11T13:57:40.531Z
        },
        _previousDataValues: { password: undefined, updatedAt: undefined },
        uniqno: 1,
        _changed: Set(2) { 'password', 'updatedAt' },
        _options: { isNewRecord: true, _schema: null, _schemaDelimiter: '' },
        isNewRecord: true
      },
      validatorKey: 'not_a_string',
      validatorName: null,
      validatorArgs: []
    }
  ],
  level: 'error',
  label: 'product',
  timestamp: '2024-05-11T13:57:40.532Z',
  originalLine: 15,
  originalColumn: 12
}
{
  name: 'SequelizeValidationError',
  errors: [
    ValidationErrorItem {
      message: 'password cannot be an array or an object',
      type: 'string violation',
      path: 'password',
      value: Promise { <pending> },
      origin: 'CORE',
      instance: user {
        dataValues: {
          id: null,
          password: Promise { <pending> },
          updatedAt: 2024-05-11T13:57:45.487Z
        },
        _previousDataValues: { password: undefined, updatedAt: undefined },
        uniqno: 1,
        _changed: Set(2) { 'password', 'updatedAt' },
        _options: { isNewRecord: true, _schema: null, _schemaDelimiter: '' },
        isNewRecord: true
      },
      validatorKey: 'not_a_string',
      validatorName: null,
      validatorArgs: []
    }
  ],
  level: 'error',
  label: 'product',
  timestamp: '2024-05-11T13:57:45.487Z',
  originalLine: 15,
  originalColumn: 12
}
{
  code: 'ERR_JWT_EXPIRED',
  name: 'JWTExpired',
  stack: 'Error: "exp" claim timestamp check failed\n' +
    '    at starDefault (/home/ary/Projects/eccommerce-backend/node_modules/jose/dist/browser/lib/jwt_claims_set.js:91:8)\n' +
    '    at <anonymous> (/home/ary/Projects/eccommerce-backend/node_modules/jose/dist/browser/jwt/verify.js:11:33)\n' +
    '    at asyncFunctionResume (native)\n' +
    '    at promiseReactionJobWithoutPromiseUnwrapAsyncContext (native)\n' +
    '    at promiseReactionJob (native)\n' +
    '    at processTicksAndRejections (native)',
  claim: 'exp',
  reason: 'check_failed',
  level: 'error',
  label: 'product',
  timestamp: '2024-05-12T02:15:20.172Z'
}
{
  code: 'ERR_JWS_INVALID',
  name: 'JWSInvalid',
  stack: 'Error: Compact JWS must be a string or Uint8Array\n' +
    '    at <anonymous> (/home/ary/Projects/eccommerce-backend/node_modules/jose/dist/browser/jws/compact/verify.js:11:8)\n' +
    '    at asyncFunctionResume (native)\n' +
    '    at compactVerify (/home/ary/Projects/eccommerce-backend/node_modules/jose/dist/browser/jws/compact/verify.js:5:32)\n' +
    '    at <anonymous> (/home/ary/Projects/eccommerce-backend/node_modules/jose/dist/browser/jwt/verify.js:6:29)\n' +
    '    at asyncFunctionResume (native)\n' +
    '    at jwtVerify (/home/ary/Projects/eccommerce-backend/node_modules/jose/dist/browser/jwt/verify.js:5:33)\n' +
    '    at <anonymous> (/home/ary/Projects/eccommerce-backend/src/utils/jwt.ts:23:10)\n' +
    '    at asyncFunctionResume (native)\n' +
    '    at verify (/home/ary/Projects/eccommerce-backend/src/utils/jwt.ts:21:32)\n' +
    '    at <anonymous> (/home/ary/Projects/eccommerce-backend/src/middlewares/AuthMiddleware.ts:36:29)',
  level: 'error',
  label: 'product',
  timestamp: '2024-05-12T02:15:57.615Z'
}
{
  code: 'ERR_JWS_INVALID',
  name: 'JWSInvalid',
  stack: 'Error: Compact JWS must be a string or Uint8Array\n' +
    '    at <anonymous> (/home/ary/Projects/eccommerce-backend/node_modules/jose/dist/browser/jws/compact/verify.js:11:8)\n' +
    '    at asyncFunctionResume (native)\n' +
    '    at compactVerify (/home/ary/Projects/eccommerce-backend/node_modules/jose/dist/browser/jws/compact/verify.js:5:32)\n' +
    '    at <anonymous> (/home/ary/Projects/eccommerce-backend/node_modules/jose/dist/browser/jwt/verify.js:6:29)\n' +
    '    at asyncFunctionResume (native)\n' +
    '    at jwtVerify (/home/ary/Projects/eccommerce-backend/node_modules/jose/dist/browser/jwt/verify.js:5:33)\n' +
    '    at <anonymous> (/home/ary/Projects/eccommerce-backend/src/utils/jwt.ts:23:10)\n' +
    '    at asyncFunctionResume (native)\n' +
    '    at verify (/home/ary/Projects/eccommerce-backend/src/utils/jwt.ts:21:32)\n' +
    '    at <anonymous> (/home/ary/Projects/eccommerce-backend/src/middlewares/AuthMiddleware.ts:37:29)',
  level: 'error',
  label: 'product',
  timestamp: '2024-05-12T02:58:13.382Z'
}
{
  name: 'SequelizeDatabaseError',
  parent: Error: Undeclared variable: NaN
      at asError (/home/ary/Projects/eccommerce-backend/node_modules/mysql2/lib/packets/packet.js:385:73)
      at execute (/home/ary/Projects/eccommerce-backend/node_modules/mysql2/lib/commands/command.js:21:35)
      at handlePacket (/home/ary/Projects/eccommerce-backend/node_modules/mysql2/lib/connection.js:243:34)
      at <anonymous> (/home/ary/Projects/eccommerce-backend/node_modules/mysql2/lib/connection.js:41:26)
      at executeStart (/home/ary/Projects/eccommerce-backend/node_modules/mysql2/lib/packet_parser.js:36:26)
      at <anonymous> (/home/ary/Projects/eccommerce-backend/node_modules/mysql2/lib/connection.js:45:34)
      at emit (native)
      at addChunk (node:stream:1940:22)
      at readableAddChunk (node:stream:1894:30)
      at data (node:net:52:9) {
    code: 'ER_SP_UNDECLARED_VAR',
    errno: 1327,
    sqlState: '42000',
    sqlMessage: 'Undeclared variable: NaN',
    sql: 'SELECT `id`, `email`, `fullname`, `password`, `roleUser`, `verifiedAt`, `createdAt`, `updatedAt`, `deletedAt` FROM `users` AS `user` ORDER BY `user`.`id` ASC LIMIT NaN, NaN;',
    parameters: undefined,
    originalLine: 385,
    originalColumn: 73
  },
  original: Error: Undeclared variable: NaN
      at asError (/home/ary/Projects/eccommerce-backend/node_modules/mysql2/lib/packets/packet.js:385:73)
      at execute (/home/ary/Projects/eccommerce-backend/node_modules/mysql2/lib/commands/command.js:21:35)
      at handlePacket (/home/ary/Projects/eccommerce-backend/node_modules/mysql2/lib/connection.js:243:34)
      at <anonymous> (/home/ary/Projects/eccommerce-backend/node_modules/mysql2/lib/connection.js:41:26)
      at executeStart (/home/ary/Projects/eccommerce-backend/node_modules/mysql2/lib/packet_parser.js:36:26)
      at <anonymous> (/home/ary/Projects/eccommerce-backend/node_modules/mysql2/lib/connection.js:45:34)
      at emit (native)
      at addChunk (node:stream:1940:22)
      at readableAddChunk (node:stream:1894:30)
      at data (node:net:52:9) {
    code: 'ER_SP_UNDECLARED_VAR',
    errno: 1327,
    sqlState: '42000',
    sqlMessage: 'Undeclared variable: NaN',
    sql: 'SELECT `id`, `email`, `fullname`, `password`, `roleUser`, `verifiedAt`, `createdAt`, `updatedAt`, `deletedAt` FROM `users` AS `user` ORDER BY `user`.`id` ASC LIMIT NaN, NaN;',
    parameters: undefined,
    originalLine: 385,
    originalColumn: 73
  },
  sql: 'SELECT `id`, `email`, `fullname`, `password`, `roleUser`, `verifiedAt`, `createdAt`, `updatedAt`, `deletedAt` FROM `users` AS `user` ORDER BY `user`.`id` ASC LIMIT NaN, NaN;',
  parameters: {},
  originalLine: 15,
  originalColumn: 12,
  level: 'error',
  label: 'product',
  timestamp: '2024-05-12T02:59:46.962Z'
}
{
  name: 'SequelizeDatabaseError',
  parent: Error: Undeclared variable: NaN
      at asError (/home/ary/Projects/eccommerce-backend/node_modules/mysql2/lib/packets/packet.js:729:16)
      at execute (/home/ary/Projects/eccommerce-backend/node_modules/mysql2/lib/commands/command.js:21:35)
      at handlePacket (/home/ary/Projects/eccommerce-backend/node_modules/mysql2/lib/connection.js:243:34)
      at <anonymous> (/home/ary/Projects/eccommerce-backend/node_modules/mysql2/lib/connection.js:41:26)
      at executeStart (/home/ary/Projects/eccommerce-backend/node_modules/mysql2/lib/packet_parser.js:36:26)
      at <anonymous> (/home/ary/Projects/eccommerce-backend/node_modules/mysql2/lib/connection.js:45:34)
      at emit (native)
      at addChunk (node:stream:1940:22)
      at readableAddChunk (node:stream:1894:30)
      at data (node:net:52:9) {
    code: 'ER_SP_UNDECLARED_VAR',
    errno: 1327,
    sqlState: '42000',
    sqlMessage: 'Undeclared variable: NaN',
    sql: 'SELECT `id`, `email`, `fullname`, `password`, `roleUser`, `verifiedAt`, `createdAt`, `updatedAt`, `deletedAt` FROM `users` AS `user` ORDER BY `user`.`id` ASC LIMIT NaN, NaN;',
    parameters: undefined,
    originalLine: 385,
    originalColumn: 73
  },
  original: Error: Undeclared variable: NaN
      at asError (/home/ary/Projects/eccommerce-backend/node_modules/mysql2/lib/packets/packet.js:729:16)
      at execute (/home/ary/Projects/eccommerce-backend/node_modules/mysql2/lib/commands/command.js:21:35)
      at handlePacket (/home/ary/Projects/eccommerce-backend/node_modules/mysql2/lib/connection.js:243:34)
      at <anonymous> (/home/ary/Projects/eccommerce-backend/node_modules/mysql2/lib/connection.js:41:26)
      at executeStart (/home/ary/Projects/eccommerce-backend/node_modules/mysql2/lib/packet_parser.js:36:26)
      at <anonymous> (/home/ary/Projects/eccommerce-backend/node_modules/mysql2/lib/connection.js:45:34)
      at emit (native)
      at addChunk (node:stream:1940:22)
      at readableAddChunk (node:stream:1894:30)
      at data (node:net:52:9) {
    code: 'ER_SP_UNDECLARED_VAR',
    errno: 1327,
    sqlState: '42000',
    sqlMessage: 'Undeclared variable: NaN',
    sql: 'SELECT `id`, `email`, `fullname`, `password`, `roleUser`, `verifiedAt`, `createdAt`, `updatedAt`, `deletedAt` FROM `users` AS `user` ORDER BY `user`.`id` ASC LIMIT NaN, NaN;',
    parameters: undefined,
    originalLine: 385,
    originalColumn: 73
  },
  sql: 'SELECT `id`, `email`, `fullname`, `password`, `roleUser`, `verifiedAt`, `createdAt`, `updatedAt`, `deletedAt` FROM `users` AS `user` ORDER BY `user`.`id` ASC LIMIT NaN, NaN;',
  parameters: {},
  originalLine: 15,
  originalColumn: 12,
  level: 'error',
  label: 'product',
  timestamp: '2024-05-12T03:00:30.869Z'
}
{
  name: 'SequelizeDatabaseError',
  parent: Error: Undeclared variable: NaN
      at asError (/home/ary/Projects/eccommerce-backend/node_modules/mysql2/lib/packets/packet.js:729:16)
      at execute (/home/ary/Projects/eccommerce-backend/node_modules/mysql2/lib/commands/command.js:21:35)
      at handlePacket (/home/ary/Projects/eccommerce-backend/node_modules/mysql2/lib/connection.js:243:34)
      at <anonymous> (/home/ary/Projects/eccommerce-backend/node_modules/mysql2/lib/connection.js:41:26)
      at executeStart (/home/ary/Projects/eccommerce-backend/node_modules/mysql2/lib/packet_parser.js:36:26)
      at <anonymous> (/home/ary/Projects/eccommerce-backend/node_modules/mysql2/lib/connection.js:45:34)
      at emit (native)
      at addChunk (node:stream:1940:22)
      at readableAddChunk (node:stream:1894:30)
      at data (node:net:52:9) {
    code: 'ER_SP_UNDECLARED_VAR',
    errno: 1327,
    sqlState: '42000',
    sqlMessage: 'Undeclared variable: NaN',
    sql: 'SELECT `id`, `email`, `fullname`, `password`, `roleUser`, `verifiedAt`, `createdAt`, `updatedAt`, `deletedAt` FROM `users` AS `user` ORDER BY `user`.`id` ASC LIMIT NaN, NaN;',
    parameters: undefined,
    originalLine: 385,
    originalColumn: 73
  },
  original: Error: Undeclared variable: NaN
      at asError (/home/ary/Projects/eccommerce-backend/node_modules/mysql2/lib/packets/packet.js:729:16)
      at execute (/home/ary/Projects/eccommerce-backend/node_modules/mysql2/lib/commands/command.js:21:35)
      at handlePacket (/home/ary/Projects/eccommerce-backend/node_modules/mysql2/lib/connection.js:243:34)
      at <anonymous> (/home/ary/Projects/eccommerce-backend/node_modules/mysql2/lib/connection.js:41:26)
      at executeStart (/home/ary/Projects/eccommerce-backend/node_modules/mysql2/lib/packet_parser.js:36:26)
      at <anonymous> (/home/ary/Projects/eccommerce-backend/node_modules/mysql2/lib/connection.js:45:34)
      at emit (native)
      at addChunk (node:stream:1940:22)
      at readableAddChunk (node:stream:1894:30)
      at data (node:net:52:9) {
    code: 'ER_SP_UNDECLARED_VAR',
    errno: 1327,
    sqlState: '42000',
    sqlMessage: 'Undeclared variable: NaN',
    sql: 'SELECT `id`, `email`, `fullname`, `password`, `roleUser`, `verifiedAt`, `createdAt`, `updatedAt`, `deletedAt` FROM `users` AS `user` ORDER BY `user`.`id` ASC LIMIT NaN, NaN;',
    parameters: undefined,
    originalLine: 385,
    originalColumn: 73
  },
  sql: 'SELECT `id`, `email`, `fullname`, `password`, `roleUser`, `verifiedAt`, `createdAt`, `updatedAt`, `deletedAt` FROM `users` AS `user` ORDER BY `user`.`id` ASC LIMIT NaN, NaN;',
  parameters: {},
  originalLine: 15,
  originalColumn: 12,
  level: 'error',
  label: 'product',
  timestamp: '2024-05-12T03:00:32.821Z'
}
{
  code: 'ERR_JWS_INVALID',
  name: 'JWSInvalid',
  stack: 'Error: Invalid Compact JWS\n' +
    '    at <anonymous> (/home/ary/Projects/eccommerce-backend/node_modules/jose/dist/browser/jws/compact/verify.js:16:4)\n' +
    '    at asyncFunctionResume (native)\n' +
    '    at compactVerify (/home/ary/Projects/eccommerce-backend/node_modules/jose/dist/browser/jws/compact/verify.js:5:32)\n' +
    '    at <anonymous> (/home/ary/Projects/eccommerce-backend/node_modules/jose/dist/browser/jwt/verify.js:6:29)\n' +
    '    at asyncFunctionResume (native)\n' +
    '    at jwtVerify (/home/ary/Projects/eccommerce-backend/node_modules/jose/dist/browser/jwt/verify.js:5:33)\n' +
    '    at <anonymous> (/home/ary/Projects/eccommerce-backend/src/utils/jwt.ts:23:10)\n' +
    '    at asyncFunctionResume (native)\n' +
    '    at verify (/home/ary/Projects/eccommerce-backend/src/utils/jwt.ts:21:32)\n' +
    '    at <anonymous> (/home/ary/Projects/eccommerce-backend/src/middlewares/AuthMiddleware.ts:21:18)',
  level: 'error',
  label: 'product',
  timestamp: '2024-05-12T03:01:42.276Z'
}
{
  name: 'SequelizeDatabaseError',
  parent: Error: Undeclared variable: NaN
      at asError (/home/ary/Projects/eccommerce-backend/node_modules/mysql2/lib/packets/packet.js:729:16)
      at execute (/home/ary/Projects/eccommerce-backend/node_modules/mysql2/lib/commands/command.js:21:35)
      at handlePacket (/home/ary/Projects/eccommerce-backend/node_modules/mysql2/lib/connection.js:243:34)
      at <anonymous> (/home/ary/Projects/eccommerce-backend/node_modules/mysql2/lib/connection.js:41:26)
      at executeStart (/home/ary/Projects/eccommerce-backend/node_modules/mysql2/lib/packet_parser.js:36:26)
      at <anonymous> (/home/ary/Projects/eccommerce-backend/node_modules/mysql2/lib/connection.js:45:34)
      at emit (native)
      at addChunk (node:stream:1940:22)
      at readableAddChunk (node:stream:1894:30)
      at data (node:net:52:9) {
    code: 'ER_SP_UNDECLARED_VAR',
    errno: 1327,
    sqlState: '42000',
    sqlMessage: 'Undeclared variable: NaN',
    sql: 'SELECT `id`, `email`, `fullname`, `password`, `roleUser`, `verifiedAt`, `createdAt`, `updatedAt`, `deletedAt` FROM `users` AS `user` ORDER BY `user`.`id` ASC LIMIT NaN, NaN;',
    parameters: undefined,
    originalLine: 385,
    originalColumn: 73
  },
  original: Error: Undeclared variable: NaN
      at asError (/home/ary/Projects/eccommerce-backend/node_modules/mysql2/lib/packets/packet.js:729:16)
      at execute (/home/ary/Projects/eccommerce-backend/node_modules/mysql2/lib/commands/command.js:21:35)
      at handlePacket (/home/ary/Projects/eccommerce-backend/node_modules/mysql2/lib/connection.js:243:34)
      at <anonymous> (/home/ary/Projects/eccommerce-backend/node_modules/mysql2/lib/connection.js:41:26)
      at executeStart (/home/ary/Projects/eccommerce-backend/node_modules/mysql2/lib/packet_parser.js:36:26)
      at <anonymous> (/home/ary/Projects/eccommerce-backend/node_modules/mysql2/lib/connection.js:45:34)
      at emit (native)
      at addChunk (node:stream:1940:22)
      at readableAddChunk (node:stream:1894:30)
      at data (node:net:52:9) {
    code: 'ER_SP_UNDECLARED_VAR',
    errno: 1327,
    sqlState: '42000',
    sqlMessage: 'Undeclared variable: NaN',
    sql: 'SELECT `id`, `email`, `fullname`, `password`, `roleUser`, `verifiedAt`, `createdAt`, `updatedAt`, `deletedAt` FROM `users` AS `user` ORDER BY `user`.`id` ASC LIMIT NaN, NaN;',
    parameters: undefined,
    originalLine: 385,
    originalColumn: 73
  },
  sql: 'SELECT `id`, `email`, `fullname`, `password`, `roleUser`, `verifiedAt`, `createdAt`, `updatedAt`, `deletedAt` FROM `users` AS `user` ORDER BY `user`.`id` ASC LIMIT NaN, NaN;',
  parameters: {},
  originalLine: 15,
  originalColumn: 12,
  level: 'error',
  label: 'product',
  timestamp: '2024-05-12T03:05:10.467Z'
}
{
  name: 'SequelizeDatabaseError',
  parent: Error: Undeclared variable: NaN
      at asError (/home/ary/Projects/eccommerce-backend/node_modules/mysql2/lib/packets/packet.js:385:73)
      at execute (/home/ary/Projects/eccommerce-backend/node_modules/mysql2/lib/commands/command.js:21:35)
      at handlePacket (/home/ary/Projects/eccommerce-backend/node_modules/mysql2/lib/connection.js:243:34)
      at <anonymous> (/home/ary/Projects/eccommerce-backend/node_modules/mysql2/lib/connection.js:41:26)
      at executeStart (/home/ary/Projects/eccommerce-backend/node_modules/mysql2/lib/packet_parser.js:36:26)
      at <anonymous> (/home/ary/Projects/eccommerce-backend/node_modules/mysql2/lib/connection.js:45:34)
      at emit (native)
      at addChunk (node:stream:1940:22)
      at readableAddChunk (node:stream:1894:30)
      at data (node:net:52:9) {
    code: 'ER_SP_UNDECLARED_VAR',
    errno: 1327,
    sqlState: '42000',
    sqlMessage: 'Undeclared variable: NaN',
    sql: 'SELECT `id`, `email`, `fullname`, `password`, `roleUser`, `verifiedAt`, `createdAt`, `updatedAt`, `deletedAt` FROM `users` AS `user` ORDER BY `user`.`id` ASC LIMIT NaN, NaN;',
    parameters: undefined,
    originalLine: 385,
    originalColumn: 73
  },
  original: Error: Undeclared variable: NaN
      at asError (/home/ary/Projects/eccommerce-backend/node_modules/mysql2/lib/packets/packet.js:385:73)
      at execute (/home/ary/Projects/eccommerce-backend/node_modules/mysql2/lib/commands/command.js:21:35)
      at handlePacket (/home/ary/Projects/eccommerce-backend/node_modules/mysql2/lib/connection.js:243:34)
      at <anonymous> (/home/ary/Projects/eccommerce-backend/node_modules/mysql2/lib/connection.js:41:26)
      at executeStart (/home/ary/Projects/eccommerce-backend/node_modules/mysql2/lib/packet_parser.js:36:26)
      at <anonymous> (/home/ary/Projects/eccommerce-backend/node_modules/mysql2/lib/connection.js:45:34)
      at emit (native)
      at addChunk (node:stream:1940:22)
      at readableAddChunk (node:stream:1894:30)
      at data (node:net:52:9) {
    code: 'ER_SP_UNDECLARED_VAR',
    errno: 1327,
    sqlState: '42000',
    sqlMessage: 'Undeclared variable: NaN',
    sql: 'SELECT `id`, `email`, `fullname`, `password`, `roleUser`, `verifiedAt`, `createdAt`, `updatedAt`, `deletedAt` FROM `users` AS `user` ORDER BY `user`.`id` ASC LIMIT NaN, NaN;',
    parameters: undefined,
    originalLine: 385,
    originalColumn: 73
  },
  sql: 'SELECT `id`, `email`, `fullname`, `password`, `roleUser`, `verifiedAt`, `createdAt`, `updatedAt`, `deletedAt` FROM `users` AS `user` ORDER BY `user`.`id` ASC LIMIT NaN, NaN;',
  parameters: {},
  originalLine: 15,
  originalColumn: 12,
  level: 'error',
  label: 'product',
  timestamp: '2024-05-12T03:16:42.727Z'
}
{
  name: 'SequelizeDatabaseError',
  parent: Error: You have an error in your SQL syntax; check the manual that corresponds to your MariaDB server version for the right syntax to use near '-10, 10' at line 1
      at asError (/home/ary/Projects/eccommerce-backend/node_modules/mysql2/lib/packets/packet.js:729:16)
      at execute (/home/ary/Projects/eccommerce-backend/node_modules/mysql2/lib/commands/command.js:21:35)
      at handlePacket (/home/ary/Projects/eccommerce-backend/node_modules/mysql2/lib/connection.js:243:34)
      at <anonymous> (/home/ary/Projects/eccommerce-backend/node_modules/mysql2/lib/connection.js:41:26)
      at executeStart (/home/ary/Projects/eccommerce-backend/node_modules/mysql2/lib/packet_parser.js:36:26)
      at <anonymous> (/home/ary/Projects/eccommerce-backend/node_modules/mysql2/lib/connection.js:45:34)
      at emit (native)
      at addChunk (node:stream:1940:22)
      at readableAddChunk (node:stream:1894:30)
      at data (node:net:52:9) {
    code: 'ER_PARSE_ERROR',
    errno: 1064,
    sqlState: '42000',
    sqlMessage: "You have an error in your SQL syntax; check the manual that corresponds to your MariaDB server version for the right syntax to use near '-10, 10' at line 1",
    sql: 'SELECT `id`, `email`, `fullname`, `password`, `roleUser`, `verifiedAt`, `createdAt`, `updatedAt`, `deletedAt` FROM `users` AS `user` ORDER BY `user`.`id` ASC LIMIT -10, 10;',
    parameters: undefined,
    originalLine: 385,
    originalColumn: 73
  },
  original: Error: You have an error in your SQL syntax; check the manual that corresponds to your MariaDB server version for the right syntax to use near '-10, 10' at line 1
      at asError (/home/ary/Projects/eccommerce-backend/node_modules/mysql2/lib/packets/packet.js:729:16)
      at execute (/home/ary/Projects/eccommerce-backend/node_modules/mysql2/lib/commands/command.js:21:35)
      at handlePacket (/home/ary/Projects/eccommerce-backend/node_modules/mysql2/lib/connection.js:243:34)
      at <anonymous> (/home/ary/Projects/eccommerce-backend/node_modules/mysql2/lib/connection.js:41:26)
      at executeStart (/home/ary/Projects/eccommerce-backend/node_modules/mysql2/lib/packet_parser.js:36:26)
      at <anonymous> (/home/ary/Projects/eccommerce-backend/node_modules/mysql2/lib/connection.js:45:34)
      at emit (native)
      at addChunk (node:stream:1940:22)
      at readableAddChunk (node:stream:1894:30)
      at data (node:net:52:9) {
    code: 'ER_PARSE_ERROR',
    errno: 1064,
    sqlState: '42000',
    sqlMessage: "You have an error in your SQL syntax; check the manual that corresponds to your MariaDB server version for the right syntax to use near '-10, 10' at line 1",
    sql: 'SELECT `id`, `email`, `fullname`, `password`, `roleUser`, `verifiedAt`, `createdAt`, `updatedAt`, `deletedAt` FROM `users` AS `user` ORDER BY `user`.`id` ASC LIMIT -10, 10;',
    parameters: undefined,
    originalLine: 385,
    originalColumn: 73
  },
  sql: 'SELECT `id`, `email`, `fullname`, `password`, `roleUser`, `verifiedAt`, `createdAt`, `updatedAt`, `deletedAt` FROM `users` AS `user` ORDER BY `user`.`id` ASC LIMIT -10, 10;',
  parameters: {},
  originalLine: 15,
  originalColumn: 12,
  level: 'error',
  label: 'product',
  timestamp: '2024-05-12T03:17:37.512Z'
}
{
  name: 'SequelizeDatabaseError',
  parent: Error: Unknown column 'phone_number' in 'field list'
      at asError (/home/ary/Projects/eccommerce-backend/node_modules/mysql2/lib/packets/packet.js:729:16)
      at execute (/home/ary/Projects/eccommerce-backend/node_modules/mysql2/lib/commands/command.js:21:35)
      at handlePacket (/home/ary/Projects/eccommerce-backend/node_modules/mysql2/lib/connection.js:243:34)
      at <anonymous> (/home/ary/Projects/eccommerce-backend/node_modules/mysql2/lib/connection.js:41:26)
      at executeStart (/home/ary/Projects/eccommerce-backend/node_modules/mysql2/lib/packet_parser.js:36:26)
      at <anonymous> (/home/ary/Projects/eccommerce-backend/node_modules/mysql2/lib/connection.js:45:34)
      at emit (native)
      at addChunk (node:stream:1940:22)
      at readableAddChunk (node:stream:1894:30)
      at data (node:net:52:9) {
    code: 'ER_BAD_FIELD_ERROR',
    errno: 1054,
    sqlState: '42S22',
    sqlMessage: "Unknown column 'phone_number' in 'field list'",
    sql: 'SELECT `fullname`, `email`, `phone_number` FROM `users` AS `user` ORDER BY `user`.`id` ASC LIMIT 0, 10;',
    parameters: undefined,
    originalLine: 385,
    originalColumn: 73
  },
  original: Error: Unknown column 'phone_number' in 'field list'
      at asError (/home/ary/Projects/eccommerce-backend/node_modules/mysql2/lib/packets/packet.js:729:16)
      at execute (/home/ary/Projects/eccommerce-backend/node_modules/mysql2/lib/commands/command.js:21:35)
      at handlePacket (/home/ary/Projects/eccommerce-backend/node_modules/mysql2/lib/connection.js:243:34)
      at <anonymous> (/home/ary/Projects/eccommerce-backend/node_modules/mysql2/lib/connection.js:41:26)
      at executeStart (/home/ary/Projects/eccommerce-backend/node_modules/mysql2/lib/packet_parser.js:36:26)
      at <anonymous> (/home/ary/Projects/eccommerce-backend/node_modules/mysql2/lib/connection.js:45:34)
      at emit (native)
      at addChunk (node:stream:1940:22)
      at readableAddChunk (node:stream:1894:30)
      at data (node:net:52:9) {
    code: 'ER_BAD_FIELD_ERROR',
    errno: 1054,
    sqlState: '42S22',
    sqlMessage: "Unknown column 'phone_number' in 'field list'",
    sql: 'SELECT `fullname`, `email`, `phone_number` FROM `users` AS `user` ORDER BY `user`.`id` ASC LIMIT 0, 10;',
    parameters: undefined,
    originalLine: 385,
    originalColumn: 73
  },
  sql: 'SELECT `fullname`, `email`, `phone_number` FROM `users` AS `user` ORDER BY `user`.`id` ASC LIMIT 0, 10;',
  parameters: {},
  originalLine: 15,
  originalColumn: 12,
  level: 'error',
  label: 'product',
  timestamp: '2024-05-12T03:18:36.856Z'
}
{
  name: 'SequelizeDatabaseError',
  parent: Error: Unknown column 'phoneNumber' in 'field list'
      at asError (/home/ary/Projects/eccommerce-backend/node_modules/mysql2/lib/packets/packet.js:729:16)
      at execute (/home/ary/Projects/eccommerce-backend/node_modules/mysql2/lib/commands/command.js:21:35)
      at handlePacket (/home/ary/Projects/eccommerce-backend/node_modules/mysql2/lib/connection.js:243:34)
      at <anonymous> (/home/ary/Projects/eccommerce-backend/node_modules/mysql2/lib/connection.js:41:26)
      at executeStart (/home/ary/Projects/eccommerce-backend/node_modules/mysql2/lib/packet_parser.js:36:26)
      at <anonymous> (/home/ary/Projects/eccommerce-backend/node_modules/mysql2/lib/connection.js:45:34)
      at emit (native)
      at addChunk (node:stream:1940:22)
      at readableAddChunk (node:stream:1894:30)
      at data (node:net:52:9) {
    code: 'ER_BAD_FIELD_ERROR',
    errno: 1054,
    sqlState: '42S22',
    sqlMessage: "Unknown column 'phoneNumber' in 'field list'",
    sql: 'SELECT `fullname`, `email`, `phoneNumber` FROM `users` AS `user` ORDER BY `user`.`id` ASC LIMIT 0, 10;',
    parameters: undefined,
    originalLine: 385,
    originalColumn: 73
  },
  original: Error: Unknown column 'phoneNumber' in 'field list'
      at asError (/home/ary/Projects/eccommerce-backend/node_modules/mysql2/lib/packets/packet.js:729:16)
      at execute (/home/ary/Projects/eccommerce-backend/node_modules/mysql2/lib/commands/command.js:21:35)
      at handlePacket (/home/ary/Projects/eccommerce-backend/node_modules/mysql2/lib/connection.js:243:34)
      at <anonymous> (/home/ary/Projects/eccommerce-backend/node_modules/mysql2/lib/connection.js:41:26)
      at executeStart (/home/ary/Projects/eccommerce-backend/node_modules/mysql2/lib/packet_parser.js:36:26)
      at <anonymous> (/home/ary/Projects/eccommerce-backend/node_modules/mysql2/lib/connection.js:45:34)
      at emit (native)
      at addChunk (node:stream:1940:22)
      at readableAddChunk (node:stream:1894:30)
      at data (node:net:52:9) {
    code: 'ER_BAD_FIELD_ERROR',
    errno: 1054,
    sqlState: '42S22',
    sqlMessage: "Unknown column 'phoneNumber' in 'field list'",
    sql: 'SELECT `fullname`, `email`, `phoneNumber` FROM `users` AS `user` ORDER BY `user`.`id` ASC LIMIT 0, 10;',
    parameters: undefined,
    originalLine: 385,
    originalColumn: 73
  },
  sql: 'SELECT `fullname`, `email`, `phoneNumber` FROM `users` AS `user` ORDER BY `user`.`id` ASC LIMIT 0, 10;',
  parameters: {},
  originalLine: 15,
  originalColumn: 12,
  level: 'error',
  label: 'product',
  timestamp: '2024-05-12T03:19:02.205Z'
}
{
  code: 'ERR_JWS_SIGNATURE_VERIFICATION_FAILED',
  name: 'JWSSignatureVerificationFailed',
  stack: 'Error: \n' +
    '    at <anonymous> (/home/ary/Projects/eccommerce-backend/node_modules/jose/dist/browser/jws/flattened/verify.js:88:8)\n' +
    '    at asyncFunctionResume (native)\n' +
    '    at promiseReactionJobWithoutPromiseUnwrapAsyncContext (native)\n' +
    '    at promiseReactionJob (native)\n' +
    '    at processTicksAndRejections (native)',
  message: 'signature verification failed',
  level: 'error',
  label: 'product',
  timestamp: '2024-05-12T03:25:07.382Z'
}
{
  code: 'ERR_JWS_SIGNATURE_VERIFICATION_FAILED',
  name: 'JWSSignatureVerificationFailed',
  stack: 'Error: \n' +
    '    at <anonymous> (/home/ary/Projects/eccommerce-backend/node_modules/jose/dist/browser/jws/flattened/verify.js:88:8)\n' +
    '    at asyncFunctionResume (native)\n' +
    '    at promiseReactionJobWithoutPromiseUnwrapAsyncContext (native)\n' +
    '    at promiseReactionJob (native)\n' +
    '    at processTicksAndRejections (native)',
  message: 'signature verification failed',
  level: 'error',
  label: 'product',
  timestamp: '2024-05-12T03:27:57.185Z'
}
{
  name: 'SequelizeDatabaseError',
  parent: Error: Unknown column 'user.p' in 'order clause'
      at asError (/home/ary/Projects/eccommerce-backend/node_modules/mysql2/lib/packets/packet.js:385:73)
      at execute (/home/ary/Projects/eccommerce-backend/node_modules/mysql2/lib/commands/command.js:21:35)
      at handlePacket (/home/ary/Projects/eccommerce-backend/node_modules/mysql2/lib/connection.js:243:34)
      at <anonymous> (/home/ary/Projects/eccommerce-backend/node_modules/mysql2/lib/connection.js:41:26)
      at executeStart (/home/ary/Projects/eccommerce-backend/node_modules/mysql2/lib/packet_parser.js:36:26)
      at <anonymous> (/home/ary/Projects/eccommerce-backend/node_modules/mysql2/lib/connection.js:45:34)
      at emit (native)
      at addChunk (node:stream:1940:22)
      at readableAddChunk (node:stream:1894:30)
      at data (node:net:52:9) {
    code: 'ER_BAD_FIELD_ERROR',
    errno: 1054,
    sqlState: '42S22',
    sqlMessage: "Unknown column 'user.p' in 'order clause'",
    sql: 'SELECT `fullname`, `email`, `phoneNumber`, `roleUser`, `verifiedAt` FROM `users` AS `user` ORDER BY `user`.`p` DESC LIMIT 10, 10;',
    parameters: undefined,
    originalLine: 385,
    originalColumn: 73
  },
  original: Error: Unknown column 'user.p' in 'order clause'
      at asError (/home/ary/Projects/eccommerce-backend/node_modules/mysql2/lib/packets/packet.js:385:73)
      at execute (/home/ary/Projects/eccommerce-backend/node_modules/mysql2/lib/commands/command.js:21:35)
      at handlePacket (/home/ary/Projects/eccommerce-backend/node_modules/mysql2/lib/connection.js:243:34)
      at <anonymous> (/home/ary/Projects/eccommerce-backend/node_modules/mysql2/lib/connection.js:41:26)
      at executeStart (/home/ary/Projects/eccommerce-backend/node_modules/mysql2/lib/packet_parser.js:36:26)
      at <anonymous> (/home/ary/Projects/eccommerce-backend/node_modules/mysql2/lib/connection.js:45:34)
      at emit (native)
      at addChunk (node:stream:1940:22)
      at readableAddChunk (node:stream:1894:30)
      at data (node:net:52:9) {
    code: 'ER_BAD_FIELD_ERROR',
    errno: 1054,
    sqlState: '42S22',
    sqlMessage: "Unknown column 'user.p' in 'order clause'",
    sql: 'SELECT `fullname`, `email`, `phoneNumber`, `roleUser`, `verifiedAt` FROM `users` AS `user` ORDER BY `user`.`p` DESC LIMIT 10, 10;',
    parameters: undefined,
    originalLine: 385,
    originalColumn: 73
  },
  sql: 'SELECT `fullname`, `email`, `phoneNumber`, `roleUser`, `verifiedAt` FROM `users` AS `user` ORDER BY `user`.`p` DESC LIMIT 10, 10;',
  parameters: {},
  originalLine: 15,
  originalColumn: 12,
  level: 'error',
  label: 'product',
  timestamp: '2024-05-12T03:36:36.501Z'
}
{
  name: 'SequelizeDatabaseError',
  parent: Error: Unknown column 'NaN' in 'where clause'
      at asError (/home/ary/Projects/eccommerce-backend/node_modules/mysql2/lib/packets/packet.js:385:73)
      at execute (/home/ary/Projects/eccommerce-backend/node_modules/mysql2/lib/commands/command.js:21:35)
      at handlePacket (/home/ary/Projects/eccommerce-backend/node_modules/mysql2/lib/connection.js:243:34)
      at <anonymous> (/home/ary/Projects/eccommerce-backend/node_modules/mysql2/lib/connection.js:41:26)
      at executeStart (/home/ary/Projects/eccommerce-backend/node_modules/mysql2/lib/packet_parser.js:36:26)
      at <anonymous> (/home/ary/Projects/eccommerce-backend/node_modules/mysql2/lib/connection.js:45:34)
      at emit (native)
      at addChunk (node:stream:1940:22)
      at readableAddChunk (node:stream:1894:30)
      at data (node:net:52:9) {
    code: 'ER_BAD_FIELD_ERROR',
    errno: 1054,
    sqlState: '42S22',
    sqlMessage: "Unknown column 'NaN' in 'where clause'",
    sql: 'SELECT count(*) AS `count` FROM `users` AS `user` WHERE `user`.`id` = NaN;',
    parameters: undefined,
    originalLine: 385,
    originalColumn: 73
  },
  original: Error: Unknown column 'NaN' in 'where clause'
      at asError (/home/ary/Projects/eccommerce-backend/node_modules/mysql2/lib/packets/packet.js:385:73)
      at execute (/home/ary/Projects/eccommerce-backend/node_modules/mysql2/lib/commands/command.js:21:35)
      at handlePacket (/home/ary/Projects/eccommerce-backend/node_modules/mysql2/lib/connection.js:243:34)
      at <anonymous> (/home/ary/Projects/eccommerce-backend/node_modules/mysql2/lib/connection.js:41:26)
      at executeStart (/home/ary/Projects/eccommerce-backend/node_modules/mysql2/lib/packet_parser.js:36:26)
      at <anonymous> (/home/ary/Projects/eccommerce-backend/node_modules/mysql2/lib/connection.js:45:34)
      at emit (native)
      at addChunk (node:stream:1940:22)
      at readableAddChunk (node:stream:1894:30)
      at data (node:net:52:9) {
    code: 'ER_BAD_FIELD_ERROR',
    errno: 1054,
    sqlState: '42S22',
    sqlMessage: "Unknown column 'NaN' in 'where clause'",
    sql: 'SELECT count(*) AS `count` FROM `users` AS `user` WHERE `user`.`id` = NaN;',
    parameters: undefined,
    originalLine: 385,
    originalColumn: 73
  },
  sql: 'SELECT count(*) AS `count` FROM `users` AS `user` WHERE `user`.`id` = NaN;',
  parameters: {},
  originalLine: 15,
  originalColumn: 12,
  level: 'error',
  label: 'product',
  timestamp: '2024-05-12T03:59:59.518Z'
}
{
  name: 'SequelizeDatabaseError',
  parent: Error: Unknown column 'NaN' in 'where clause'
      at asError (/home/ary/Projects/eccommerce-backend/node_modules/mysql2/lib/packets/packet.js:729:16)
      at execute (/home/ary/Projects/eccommerce-backend/node_modules/mysql2/lib/commands/command.js:21:35)
      at handlePacket (/home/ary/Projects/eccommerce-backend/node_modules/mysql2/lib/connection.js:243:34)
      at <anonymous> (/home/ary/Projects/eccommerce-backend/node_modules/mysql2/lib/connection.js:41:26)
      at executeStart (/home/ary/Projects/eccommerce-backend/node_modules/mysql2/lib/packet_parser.js:36:26)
      at <anonymous> (/home/ary/Projects/eccommerce-backend/node_modules/mysql2/lib/connection.js:45:34)
      at emit (native)
      at addChunk (node:stream:1940:22)
      at readableAddChunk (node:stream:1894:30)
      at data (node:net:52:9) {
    code: 'ER_BAD_FIELD_ERROR',
    errno: 1054,
    sqlState: '42S22',
    sqlMessage: "Unknown column 'NaN' in 'where clause'",
    sql: 'SELECT count(*) AS `count` FROM `users` AS `user` WHERE `user`.`id` = NaN;',
    parameters: undefined,
    originalLine: 385,
    originalColumn: 73
  },
  original: Error: Unknown column 'NaN' in 'where clause'
      at asError (/home/ary/Projects/eccommerce-backend/node_modules/mysql2/lib/packets/packet.js:729:16)
      at execute (/home/ary/Projects/eccommerce-backend/node_modules/mysql2/lib/commands/command.js:21:35)
      at handlePacket (/home/ary/Projects/eccommerce-backend/node_modules/mysql2/lib/connection.js:243:34)
      at <anonymous> (/home/ary/Projects/eccommerce-backend/node_modules/mysql2/lib/connection.js:41:26)
      at executeStart (/home/ary/Projects/eccommerce-backend/node_modules/mysql2/lib/packet_parser.js:36:26)
      at <anonymous> (/home/ary/Projects/eccommerce-backend/node_modules/mysql2/lib/connection.js:45:34)
      at emit (native)
      at addChunk (node:stream:1940:22)
      at readableAddChunk (node:stream:1894:30)
      at data (node:net:52:9) {
    code: 'ER_BAD_FIELD_ERROR',
    errno: 1054,
    sqlState: '42S22',
    sqlMessage: "Unknown column 'NaN' in 'where clause'",
    sql: 'SELECT count(*) AS `count` FROM `users` AS `user` WHERE `user`.`id` = NaN;',
    parameters: undefined,
    originalLine: 385,
    originalColumn: 73
  },
  sql: 'SELECT count(*) AS `count` FROM `users` AS `user` WHERE `user`.`id` = NaN;',
  parameters: {},
  originalLine: 15,
  originalColumn: 12,
  level: 'error',
  label: 'product',
  timestamp: '2024-05-12T04:00:49.685Z'
}
{
  code: 'ERR_JWT_EXPIRED',
  name: 'JWTExpired',
  stack: 'Error: "exp" claim timestamp check failed\n' +
    '    at starDefault (/home/ary/Projects/eccommerce-backend/node_modules/jose/dist/browser/lib/jwt_claims_set.js:91:8)\n' +
    '    at <anonymous> (/home/ary/Projects/eccommerce-backend/node_modules/jose/dist/browser/jwt/verify.js:11:33)\n' +
    '    at asyncFunctionResume (native)\n' +
    '    at promiseReactionJobWithoutPromiseUnwrapAsyncContext (native)\n' +
    '    at promiseReactionJob (native)\n' +
    '    at processTicksAndRejections (native)',
  claim: 'exp',
  reason: 'check_failed',
  level: 'error',
  label: 'product',
  timestamp: '2024-05-14T12:37:59.468Z'
}
{
  code: 'ERR_JWS_SIGNATURE_VERIFICATION_FAILED',
  name: 'JWSSignatureVerificationFailed',
  stack: 'Error: \n' +
    '    at <anonymous> (/home/ary/Projects/eccommerce-backend/node_modules/jose/dist/browser/jws/flattened/verify.js:88:8)\n' +
    '    at asyncFunctionResume (native)\n' +
    '    at promiseReactionJobWithoutPromiseUnwrapAsyncContext (native)\n' +
    '    at promiseReactionJob (native)\n' +
    '    at processTicksAndRejections (native)',
  message: 'signature verification failed',
  level: 'error',
  label: 'product',
  timestamp: '2024-05-14T12:42:36.429Z'
}
{
  level: 'error',
  label: 'product',
  timestamp: '2024-05-14T12:42:36.440Z',
  originalLine: 1279,
  originalColumn: 24
}
{
  level: 'error',
  label: 'product',
  timestamp: '2024-05-14T12:42:36.446Z',
  originalLine: 1279,
  originalColumn: 24
}
{
  code: 'ERR_JWS_SIGNATURE_VERIFICATION_FAILED',
  name: 'JWSSignatureVerificationFailed',
  stack: 'Error: \n' +
    '    at <anonymous> (/home/ary/Projects/eccommerce-backend/node_modules/jose/dist/browser/jws/flattened/verify.js:88:8)\n' +
    '    at asyncFunctionResume (native)\n' +
    '    at promiseReactionJobWithoutPromiseUnwrapAsyncContext (native)\n' +
    '    at promiseReactionJob (native)\n' +
    '    at processTicksAndRejections (native)',
  message: 'signature verification failed',
  level: 'error',
  label: 'product',
  timestamp: '2024-05-14T12:42:50.561Z'
}
{
  level: 'error',
  label: 'product',
  timestamp: '2024-05-14T12:42:50.754Z',
  originalLine: 1279,
  originalColumn: 24
}
{
  level: 'error',
  label: 'product',
  timestamp: '2024-05-14T12:56:02.223Z',
  originalLine: 1279,
  originalColumn: 24
}
{
  code: 'ERR_JWS_INVALID',
  name: 'JWSInvalid',
  stack: 'Error: Compact JWS must be a string or Uint8Array\n' +
    '    at <anonymous> (/home/ary/Projects/eccommerce-backend/node_modules/jose/dist/browser/jws/compact/verify.js:11:8)\n' +
    '    at asyncFunctionResume (native)\n' +
    '    at compactVerify (/home/ary/Projects/eccommerce-backend/node_modules/jose/dist/browser/jws/compact/verify.js:5:32)\n' +
    '    at <anonymous> (/home/ary/Projects/eccommerce-backend/node_modules/jose/dist/browser/jwt/verify.js:6:29)\n' +
    '    at asyncFunctionResume (native)\n' +
    '    at jwtVerify (/home/ary/Projects/eccommerce-backend/node_modules/jose/dist/browser/jwt/verify.js:5:33)\n' +
    '    at <anonymous> (/home/ary/Projects/eccommerce-backend/src/utils/jwt.ts:23:10)\n' +
    '    at asyncFunctionResume (native)\n' +
    '    at verify (/home/ary/Projects/eccommerce-backend/src/utils/jwt.ts:21:32)\n' +
    '    at <anonymous> (/home/ary/Projects/eccommerce-backend/src/middlewares/AuthMiddleware.ts:39:18)',
  level: 'error',
  label: 'product',
  timestamp: '2024-05-17T15:32:48.125Z'
}
{
  code: 'ERR_JWS_INVALID',
  name: 'JWSInvalid',
  stack: 'Error: Compact JWS must be a string or Uint8Array\n' +
    '    at <anonymous> (/home/ary/Projects/eccommerce-backend/node_modules/jose/dist/browser/jws/compact/verify.js:11:8)\n' +
    '    at asyncFunctionResume (native)\n' +
    '    at compactVerify (/home/ary/Projects/eccommerce-backend/node_modules/jose/dist/browser/jws/compact/verify.js:5:32)\n' +
    '    at <anonymous> (/home/ary/Projects/eccommerce-backend/node_modules/jose/dist/browser/jwt/verify.js:6:29)\n' +
    '    at asyncFunctionResume (native)\n' +
    '    at jwtVerify (/home/ary/Projects/eccommerce-backend/node_modules/jose/dist/browser/jwt/verify.js:5:33)\n' +
    '    at <anonymous> (/home/ary/Projects/eccommerce-backend/src/utils/jwt.ts:23:10)\n' +
    '    at asyncFunctionResume (native)\n' +
    '    at verify (/home/ary/Projects/eccommerce-backend/src/utils/jwt.ts:21:32)\n' +
    '    at <anonymous> (/home/ary/Projects/eccommerce-backend/src/middlewares/AuthMiddleware.ts:39:18)',
  level: 'error',
  label: 'product',
  timestamp: '2024-05-17T15:47:34.281Z'
}
{
  code: 'ERR_JWS_INVALID',
  name: 'JWSInvalid',
  stack: 'Error: Compact JWS must be a string or Uint8Array\n' +
    '    at <anonymous> (/home/ary/Projects/eccommerce-backend/node_modules/jose/dist/browser/jws/compact/verify.js:11:8)\n' +
    '    at asyncFunctionResume (native)\n' +
    '    at compactVerify (/home/ary/Projects/eccommerce-backend/node_modules/jose/dist/browser/jws/compact/verify.js:5:32)\n' +
    '    at <anonymous> (/home/ary/Projects/eccommerce-backend/node_modules/jose/dist/browser/jwt/verify.js:6:29)\n' +
    '    at asyncFunctionResume (native)\n' +
    '    at jwtVerify (/home/ary/Projects/eccommerce-backend/node_modules/jose/dist/browser/jwt/verify.js:5:33)\n' +
    '    at <anonymous> (/home/ary/Projects/eccommerce-backend/src/utils/jwt.ts:23:10)\n' +
    '    at asyncFunctionResume (native)\n' +
    '    at verify (/home/ary/Projects/eccommerce-backend/src/utils/jwt.ts:21:32)\n' +
    '    at <anonymous> (/home/ary/Projects/eccommerce-backend/src/middlewares/AuthMiddleware.ts:39:18)',
  level: 'error',
  label: 'product',
  timestamp: '2024-05-17T15:48:58.874Z'
}
{
  code: 'ERR_JWS_INVALID',
  name: 'JWSInvalid',
  stack: 'Error: Compact JWS must be a string or Uint8Array\n' +
    '    at <anonymous> (/home/ary/Projects/eccommerce-backend/node_modules/jose/dist/browser/jws/compact/verify.js:11:8)\n' +
    '    at asyncFunctionResume (native)\n' +
    '    at compactVerify (/home/ary/Projects/eccommerce-backend/node_modules/jose/dist/browser/jws/compact/verify.js:5:32)\n' +
    '    at <anonymous> (/home/ary/Projects/eccommerce-backend/node_modules/jose/dist/browser/jwt/verify.js:6:29)\n' +
    '    at asyncFunctionResume (native)\n' +
    '    at jwtVerify (/home/ary/Projects/eccommerce-backend/node_modules/jose/dist/browser/jwt/verify.js:5:33)\n' +
    '    at <anonymous> (/home/ary/Projects/eccommerce-backend/src/utils/jwt.ts:23:10)\n' +
    '    at asyncFunctionResume (native)\n' +
    '    at verify (/home/ary/Projects/eccommerce-backend/src/utils/jwt.ts:21:32)\n' +
    '    at <anonymous> (/home/ary/Projects/eccommerce-backend/src/middlewares/AuthMiddleware.ts:39:18)',
  level: 'error',
  label: 'product',
  timestamp: '2024-05-17T15:51:27.348Z'
}
{
  code: 'ERR_JWS_INVALID',
  name: 'JWSInvalid',
  stack: 'Error: Compact JWS must be a string or Uint8Array\n' +
    '    at <anonymous> (/home/ary/Projects/eccommerce-backend/node_modules/jose/dist/browser/jws/compact/verify.js:11:8)\n' +
    '    at asyncFunctionResume (native)\n' +
    '    at compactVerify (/home/ary/Projects/eccommerce-backend/node_modules/jose/dist/browser/jws/compact/verify.js:5:32)\n' +
    '    at <anonymous> (/home/ary/Projects/eccommerce-backend/node_modules/jose/dist/browser/jwt/verify.js:6:29)\n' +
    '    at asyncFunctionResume (native)\n' +
    '    at jwtVerify (/home/ary/Projects/eccommerce-backend/node_modules/jose/dist/browser/jwt/verify.js:5:33)\n' +
    '    at <anonymous> (/home/ary/Projects/eccommerce-backend/src/utils/jwt.ts:23:10)\n' +
    '    at asyncFunctionResume (native)\n' +
    '    at verify (/home/ary/Projects/eccommerce-backend/src/utils/jwt.ts:21:32)\n' +
    '    at <anonymous> (/home/ary/Projects/eccommerce-backend/src/middlewares/AuthMiddleware.ts:39:29)',
  level: 'error',
  label: 'product',
  timestamp: '2024-05-17T15:52:42.358Z'
}
{
  code: 'ERR_JWS_INVALID',
  name: 'JWSInvalid',
  stack: 'Error: Compact JWS must be a string or Uint8Array\n' +
    '    at <anonymous> (/home/ary/Projects/eccommerce-backend/node_modules/jose/dist/browser/jws/compact/verify.js:11:8)\n' +
    '    at asyncFunctionResume (native)\n' +
    '    at compactVerify (/home/ary/Projects/eccommerce-backend/node_modules/jose/dist/browser/jws/compact/verify.js:5:32)\n' +
    '    at <anonymous> (/home/ary/Projects/eccommerce-backend/node_modules/jose/dist/browser/jwt/verify.js:6:29)\n' +
    '    at asyncFunctionResume (native)\n' +
    '    at jwtVerify (/home/ary/Projects/eccommerce-backend/node_modules/jose/dist/browser/jwt/verify.js:5:33)\n' +
    '    at <anonymous> (/home/ary/Projects/eccommerce-backend/src/utils/jwt.ts:23:10)\n' +
    '    at asyncFunctionResume (native)\n' +
    '    at verify (/home/ary/Projects/eccommerce-backend/src/utils/jwt.ts:21:32)\n' +
    '    at <anonymous> (/home/ary/Projects/eccommerce-backend/src/middlewares/AuthMiddleware.ts:39:29)',
  level: 'error',
  label: 'product',
  timestamp: '2024-05-17T15:53:09.837Z'
}
{
  code: 'ERR_JWS_INVALID',
  name: 'JWSInvalid',
  stack: 'Error: Compact JWS must be a string or Uint8Array\n' +
    '    at <anonymous> (/home/ary/Projects/eccommerce-backend/node_modules/jose/dist/browser/jws/compact/verify.js:11:8)\n' +
    '    at asyncFunctionResume (native)\n' +
    '    at compactVerify (/home/ary/Projects/eccommerce-backend/node_modules/jose/dist/browser/jws/compact/verify.js:5:32)\n' +
    '    at <anonymous> (/home/ary/Projects/eccommerce-backend/node_modules/jose/dist/browser/jwt/verify.js:6:29)\n' +
    '    at asyncFunctionResume (native)\n' +
    '    at jwtVerify (/home/ary/Projects/eccommerce-backend/node_modules/jose/dist/browser/jwt/verify.js:5:33)\n' +
    '    at <anonymous> (/home/ary/Projects/eccommerce-backend/src/utils/jwt.ts:23:10)\n' +
    '    at asyncFunctionResume (native)\n' +
    '    at verify (/home/ary/Projects/eccommerce-backend/src/utils/jwt.ts:21:32)\n' +
    '    at <anonymous> (/home/ary/Projects/eccommerce-backend/src/middlewares/AuthMiddleware.ts:39:29)',
  level: 'error',
  label: 'product',
  timestamp: '2024-05-17T15:58:36.688Z'
}
{
  code: 'ERR_JWS_INVALID',
  name: 'JWSInvalid',
  stack: 'Error: Compact JWS must be a string or Uint8Array\n' +
    '    at <anonymous> (/home/ary/Projects/eccommerce-backend/node_modules/jose/dist/browser/jws/compact/verify.js:11:8)\n' +
    '    at asyncFunctionResume (native)\n' +
    '    at compactVerify (/home/ary/Projects/eccommerce-backend/node_modules/jose/dist/browser/jws/compact/verify.js:5:32)\n' +
    '    at <anonymous> (/home/ary/Projects/eccommerce-backend/node_modules/jose/dist/browser/jwt/verify.js:6:29)\n' +
    '    at asyncFunctionResume (native)\n' +
    '    at jwtVerify (/home/ary/Projects/eccommerce-backend/node_modules/jose/dist/browser/jwt/verify.js:5:33)\n' +
    '    at <anonymous> (/home/ary/Projects/eccommerce-backend/src/utils/jwt.ts:23:10)\n' +
    '    at asyncFunctionResume (native)\n' +
    '    at verify (/home/ary/Projects/eccommerce-backend/src/utils/jwt.ts:21:32)\n' +
    '    at <anonymous> (/home/ary/Projects/eccommerce-backend/src/middlewares/AuthMiddleware.ts:39:29)',
  level: 'error',
  label: 'product',
  timestamp: '2024-05-17T15:58:55.379Z'
}
{
  code: 'ERR_JWS_INVALID',
  name: 'JWSInvalid',
  stack: 'Error: Compact JWS must be a string or Uint8Array\n' +
    '    at <anonymous> (/home/ary/Projects/eccommerce-backend/node_modules/jose/dist/browser/jws/compact/verify.js:11:8)\n' +
    '    at asyncFunctionResume (native)\n' +
    '    at compactVerify (/home/ary/Projects/eccommerce-backend/node_modules/jose/dist/browser/jws/compact/verify.js:5:32)\n' +
    '    at <anonymous> (/home/ary/Projects/eccommerce-backend/node_modules/jose/dist/browser/jwt/verify.js:6:29)\n' +
    '    at asyncFunctionResume (native)\n' +
    '    at jwtVerify (/home/ary/Projects/eccommerce-backend/node_modules/jose/dist/browser/jwt/verify.js:5:33)\n' +
    '    at <anonymous> (/home/ary/Projects/eccommerce-backend/src/utils/jwt.ts:23:10)\n' +
    '    at asyncFunctionResume (native)\n' +
    '    at verify (/home/ary/Projects/eccommerce-backend/src/utils/jwt.ts:21:32)\n' +
    '    at <anonymous> (/home/ary/Projects/eccommerce-backend/src/middlewares/AuthMiddleware.ts:39:29)',
  level: 'error',
  label: 'product',
  timestamp: '2024-05-17T16:00:28.441Z'
}
{
  code: 'ERR_JWS_INVALID',
  name: 'JWSInvalid',
  stack: 'Error: Compact JWS must be a string or Uint8Array\n' +
    '    at <anonymous> (/home/ary/Projects/eccommerce-backend/node_modules/jose/dist/browser/jws/compact/verify.js:11:8)\n' +
    '    at asyncFunctionResume (native)\n' +
    '    at compactVerify (/home/ary/Projects/eccommerce-backend/node_modules/jose/dist/browser/jws/compact/verify.js:5:32)\n' +
    '    at <anonymous> (/home/ary/Projects/eccommerce-backend/node_modules/jose/dist/browser/jwt/verify.js:6:29)\n' +
    '    at asyncFunctionResume (native)\n' +
    '    at jwtVerify (/home/ary/Projects/eccommerce-backend/node_modules/jose/dist/browser/jwt/verify.js:5:33)\n' +
    '    at <anonymous> (/home/ary/Projects/eccommerce-backend/src/utils/jwt.ts:23:10)\n' +
    '    at asyncFunctionResume (native)\n' +
    '    at verify (/home/ary/Projects/eccommerce-backend/src/utils/jwt.ts:21:32)\n' +
    '    at <anonymous> (/home/ary/Projects/eccommerce-backend/src/middlewares/AuthMiddleware.ts:39:29)',
  level: 'error',
  label: 'product',
  timestamp: '2024-05-17T16:00:41.084Z'
}
{
  code: 'ERR_JWS_INVALID',
  name: 'JWSInvalid',
  stack: 'Error: Compact JWS must be a string or Uint8Array\n' +
    '    at <anonymous> (/home/ary/Projects/eccommerce-backend/node_modules/jose/dist/browser/jws/compact/verify.js:11:8)\n' +
    '    at asyncFunctionResume (native)\n' +
    '    at compactVerify (/home/ary/Projects/eccommerce-backend/node_modules/jose/dist/browser/jws/compact/verify.js:5:32)\n' +
    '    at <anonymous> (/home/ary/Projects/eccommerce-backend/node_modules/jose/dist/browser/jwt/verify.js:6:29)\n' +
    '    at asyncFunctionResume (native)\n' +
    '    at jwtVerify (/home/ary/Projects/eccommerce-backend/node_modules/jose/dist/browser/jwt/verify.js:5:33)\n' +
    '    at <anonymous> (/home/ary/Projects/eccommerce-backend/src/utils/jwt.ts:23:10)\n' +
    '    at asyncFunctionResume (native)\n' +
    '    at verify (/home/ary/Projects/eccommerce-backend/src/utils/jwt.ts:21:32)\n' +
    '    at <anonymous> (/home/ary/Projects/eccommerce-backend/src/middlewares/AuthMiddleware.ts:39:29)',
  level: 'error',
  label: 'product',
  timestamp: '2024-05-17T16:01:19.985Z'
}
{
  code: 'ERR_JWS_INVALID',
  name: 'JWSInvalid',
  stack: 'Error: Compact JWS must be a string or Uint8Array\n' +
    '    at <anonymous> (/home/ary/Projects/eccommerce-backend/node_modules/jose/dist/browser/jws/compact/verify.js:11:8)\n' +
    '    at asyncFunctionResume (native)\n' +
    '    at compactVerify (/home/ary/Projects/eccommerce-backend/node_modules/jose/dist/browser/jws/compact/verify.js:5:32)\n' +
    '    at <anonymous> (/home/ary/Projects/eccommerce-backend/node_modules/jose/dist/browser/jwt/verify.js:6:29)\n' +
    '    at asyncFunctionResume (native)\n' +
    '    at jwtVerify (/home/ary/Projects/eccommerce-backend/node_modules/jose/dist/browser/jwt/verify.js:5:33)\n' +
    '    at <anonymous> (/home/ary/Projects/eccommerce-backend/src/utils/jwt.ts:23:10)\n' +
    '    at asyncFunctionResume (native)\n' +
    '    at verify (/home/ary/Projects/eccommerce-backend/src/utils/jwt.ts:21:32)\n' +
    '    at <anonymous> (/home/ary/Projects/eccommerce-backend/src/middlewares/AuthMiddleware.ts:39:29)',
  level: 'error',
  label: 'product',
  timestamp: '2024-05-17T16:01:50.827Z'
}
{
  code: 'ERR_JWS_SIGNATURE_VERIFICATION_FAILED',
  name: 'JWSSignatureVerificationFailed',
  stack: 'Error: \n' +
    '    at <anonymous> (/home/ary/Projects/eccommerce-backend/node_modules/jose/dist/browser/jws/flattened/verify.js:88:8)\n' +
    '    at asyncFunctionResume (native)\n' +
    '    at promiseReactionJobWithoutPromiseUnwrapAsyncContext (native)\n' +
    '    at promiseReactionJob (native)\n' +
    '    at processTicksAndRejections (native)',
  message: 'signature verification failed',
  level: 'error',
  label: 'product',
  timestamp: '2024-05-18T04:13:06.202Z'
}
{
  code: 'ERR_JWS_SIGNATURE_VERIFICATION_FAILED',
  name: 'JWSSignatureVerificationFailed',
  stack: 'Error: \n' +
    '    at <anonymous> (/home/ary/Projects/eccommerce-backend/node_modules/jose/dist/browser/jws/flattened/verify.js:88:8)\n' +
    '    at asyncFunctionResume (native)\n' +
    '    at promiseReactionJobWithoutPromiseUnwrapAsyncContext (native)\n' +
    '    at promiseReactionJob (native)\n' +
    '    at processTicksAndRejections (native)',
  message: 'signature verification failed',
  level: 'error',
  label: 'product',
  timestamp: '2024-05-18T04:13:08.139Z'
}
{
  code: 'ERR_JWS_SIGNATURE_VERIFICATION_FAILED',
  name: 'JWSSignatureVerificationFailed',
  stack: 'Error: \n' +
    '    at <anonymous> (/home/ary/Projects/eccommerce-backend/node_modules/jose/dist/browser/jws/flattened/verify.js:88:8)\n' +
    '    at asyncFunctionResume (native)\n' +
    '    at promiseReactionJobWithoutPromiseUnwrapAsyncContext (native)\n' +
    '    at promiseReactionJob (native)\n' +
    '    at processTicksAndRejections (native)',
  message: 'signature verification failed',
  level: 'error',
  label: 'product',
  timestamp: '2024-05-18T04:13:09.251Z'
}
{
  code: 'ERR_JWS_SIGNATURE_VERIFICATION_FAILED',
  name: 'JWSSignatureVerificationFailed',
  stack: 'Error: \n' +
    '    at <anonymous> (/home/ary/Projects/eccommerce-backend/node_modules/jose/dist/browser/jws/flattened/verify.js:88:8)\n' +
    '    at asyncFunctionResume (native)\n' +
    '    at promiseReactionJobWithoutPromiseUnwrapAsyncContext (native)\n' +
    '    at promiseReactionJob (native)\n' +
    '    at processTicksAndRejections (native)',
  message: 'signature verification failed',
  level: 'error',
  label: 'product',
  timestamp: '2024-05-18T04:13:10.142Z'
}
{
  level: 'error',
  label: 'product',
  timestamp: '2024-05-18T04:44:33.290Z',
  originalLine: 70,
  originalColumn: 16
}
{
  level: 'error',
  label: 'product',
  timestamp: '2024-05-18T04:44:38.271Z',
  originalLine: 70,
  originalColumn: 16
}
{
  level: 'error',
  label: 'product',
  timestamp: '2024-05-18T04:44:51.386Z',
  originalLine: 70,
  originalColumn: 16
}
{
  level: 'error',
  label: 'product',
  timestamp: '2024-05-18T04:44:52.937Z',
  originalLine: 70,
  originalColumn: 16
}
{
  level: 'error',
  label: 'product',
  timestamp: '2024-05-18T04:44:54.032Z',
  originalLine: 70,
  originalColumn: 16
}
{
  level: 'error',
  label: 'product',
  timestamp: '2024-05-18T04:44:54.855Z',
  originalLine: 70,
  originalColumn: 16
}
{
  level: 'error',
  label: 'product',
  timestamp: '2024-05-18T04:44:55.632Z',
  originalLine: 70,
  originalColumn: 16
}
{
  level: 'error',
  label: 'product',
  timestamp: '2024-05-18T04:44:56.288Z',
  originalLine: 70,
  originalColumn: 16
}
{
  level: 'error',
  label: 'product',
  timestamp: '2024-05-18T04:45:05.269Z',
  originalLine: 70,
  originalColumn: 16
}
{
  level: 'error',
  label: 'product',
  timestamp: '2024-05-18T04:45:06.339Z',
  originalLine: 70,
  originalColumn: 16
}
{
  name: 'SequelizeDatabaseError',
  parent: Error: Unknown column 'isactivated' in 'field list'
      at asError (/home/ary/Projects/eccommerce-backend/node_modules/mysql2/lib/packets/packet.js:385:73)
      at execute (/home/ary/Projects/eccommerce-backend/node_modules/mysql2/lib/commands/command.js:21:35)
      at handlePacket (/home/ary/Projects/eccommerce-backend/node_modules/mysql2/lib/connection.js:243:34)
      at <anonymous> (/home/ary/Projects/eccommerce-backend/node_modules/mysql2/lib/connection.js:41:26)
      at executeStart (/home/ary/Projects/eccommerce-backend/node_modules/mysql2/lib/packet_parser.js:36:26)
      at <anonymous> (/home/ary/Projects/eccommerce-backend/node_modules/mysql2/lib/connection.js:200:34)
      at emit (native)
      at addChunk (node:stream:1940:22)
      at readableAddChunk (node:stream:1894:30)
      at data (node:net:52:9) {
    code: 'ER_BAD_FIELD_ERROR',
    errno: 1054,
    sqlState: '42S22',
    sqlMessage: "Unknown column 'isactivated' in 'field list'",
    sql: 'SELECT `title`, `description`, `isActivated` FROM `addresses` AS `address` WHERE (`address`.`deletedAt` IS NULL AND `address`.`userId` = 1);',
    parameters: undefined,
    originalLine: 385,
    originalColumn: 73
  },
  original: Error: Unknown column 'isactivated' in 'field list'
      at asError (/home/ary/Projects/eccommerce-backend/node_modules/mysql2/lib/packets/packet.js:385:73)
      at execute (/home/ary/Projects/eccommerce-backend/node_modules/mysql2/lib/commands/command.js:21:35)
      at handlePacket (/home/ary/Projects/eccommerce-backend/node_modules/mysql2/lib/connection.js:243:34)
      at <anonymous> (/home/ary/Projects/eccommerce-backend/node_modules/mysql2/lib/connection.js:41:26)
      at executeStart (/home/ary/Projects/eccommerce-backend/node_modules/mysql2/lib/packet_parser.js:36:26)
      at <anonymous> (/home/ary/Projects/eccommerce-backend/node_modules/mysql2/lib/connection.js:200:34)
      at emit (native)
      at addChunk (node:stream:1940:22)
      at readableAddChunk (node:stream:1894:30)
      at data (node:net:52:9) {
    code: 'ER_BAD_FIELD_ERROR',
    errno: 1054,
    sqlState: '42S22',
    sqlMessage: "Unknown column 'isactivated' in 'field list'",
    sql: 'SELECT `title`, `description`, `isActivated` FROM `addresses` AS `address` WHERE (`address`.`deletedAt` IS NULL AND `address`.`userId` = 1);',
    parameters: undefined,
    originalLine: 385,
    originalColumn: 73
  },
  sql: 'SELECT `title`, `description`, `isActivated` FROM `addresses` AS `address` WHERE (`address`.`deletedAt` IS NULL AND `address`.`userId` = 1);',
  parameters: {},
  originalLine: 15,
  originalColumn: 12,
  level: 'error',
  label: 'product',
  timestamp: '2024-05-18T05:06:41.804Z'
}
{
  code: 'ERR_JWT_EXPIRED',
  name: 'JWTExpired',
  stack: 'Error: "exp" claim timestamp check failed\n' +
    '    at starDefault (/home/ary/Projects/eccommerce-backend/node_modules/jose/dist/browser/lib/jwt_claims_set.js:91:8)\n' +
    '    at <anonymous> (/home/ary/Projects/eccommerce-backend/node_modules/jose/dist/browser/jwt/verify.js:11:33)\n' +
    '    at asyncFunctionResume (native)\n' +
    '    at promiseReactionJobWithoutPromiseUnwrapAsyncContext (native)\n' +
    '    at promiseReactionJob (native)\n' +
    '    at processTicksAndRejections (native)',
  claim: 'exp',
  reason: 'check_failed',
  level: 'error',
  label: 'product',
  timestamp: '2024-05-18T07:40:15.402Z'
}
{
  code: 'ERR_JWT_EXPIRED',
  name: 'JWTExpired',
  stack: 'Error: "exp" claim timestamp check failed\n' +
    '    at starDefault (/home/ary/Projects/eccommerce-backend/node_modules/jose/dist/browser/lib/jwt_claims_set.js:91:8)\n' +
    '    at <anonymous> (/home/ary/Projects/eccommerce-backend/node_modules/jose/dist/browser/jwt/verify.js:11:33)\n' +
    '    at asyncFunctionResume (native)\n' +
    '    at promiseReactionJobWithoutPromiseUnwrapAsyncContext (native)\n' +
    '    at promiseReactionJob (native)\n' +
    '    at processTicksAndRejections (native)',
  claim: 'exp',
  reason: 'check_failed',
  level: 'error',
  label: 'product',
  timestamp: '2024-05-18T07:42:24.238Z'
}
{
  code: 'ERR_JWT_EXPIRED',
  name: 'JWTExpired',
  stack: 'Error: "exp" claim timestamp check failed\n' +
    '    at starDefault (/home/ary/Projects/eccommerce-backend/node_modules/jose/dist/browser/lib/jwt_claims_set.js:91:8)\n' +
    '    at <anonymous> (/home/ary/Projects/eccommerce-backend/node_modules/jose/dist/browser/jwt/verify.js:11:33)\n' +
    '    at asyncFunctionResume (native)\n' +
    '    at promiseReactionJobWithoutPromiseUnwrapAsyncContext (native)\n' +
    '    at promiseReactionJob (native)\n' +
    '    at processTicksAndRejections (native)',
  claim: 'exp',
  reason: 'check_failed',
  level: 'error',
  label: 'product',
  timestamp: '2024-05-18T07:42:25.684Z'
}
{
  code: 'ERR_JWT_EXPIRED',
  name: 'JWTExpired',
  stack: 'Error: "exp" claim timestamp check failed\n' +
    '    at starDefault (/home/ary/Projects/eccommerce-backend/node_modules/jose/dist/browser/lib/jwt_claims_set.js:91:8)\n' +
    '    at <anonymous> (/home/ary/Projects/eccommerce-backend/node_modules/jose/dist/browser/jwt/verify.js:11:33)\n' +
    '    at asyncFunctionResume (native)\n' +
    '    at promiseReactionJobWithoutPromiseUnwrapAsyncContext (native)\n' +
    '    at promiseReactionJob (native)\n' +
    '    at processTicksAndRejections (native)',
  claim: 'exp',
  reason: 'check_failed',
  level: 'error',
  label: 'product',
  timestamp: '2024-05-18T07:42:39.985Z'
}
{
  code: 'ERR_JWT_EXPIRED',
  name: 'JWTExpired',
  stack: 'Error: "exp" claim timestamp check failed\n' +
    '    at starDefault (/home/ary/Projects/eccommerce-backend/node_modules/jose/dist/browser/lib/jwt_claims_set.js:91:8)\n' +
    '    at <anonymous> (/home/ary/Projects/eccommerce-backend/node_modules/jose/dist/browser/jwt/verify.js:11:33)\n' +
    '    at asyncFunctionResume (native)\n' +
    '    at promiseReactionJobWithoutPromiseUnwrapAsyncContext (native)\n' +
    '    at promiseReactionJob (native)\n' +
    '    at processTicksAndRejections (native)',
  claim: 'exp',
  reason: 'check_failed',
  level: 'error',
  label: 'product',
  timestamp: '2024-05-18T07:42:44.524Z'
}
